Aika_ms,KokonaisG,DynaaminenG,SisainenNopeus,BLE_Nopeus
BLE connected -> ACTIVE MODE
64419,1.016,-0.001,0.000,0.000
64439,1.017,-0.000,0.000,0.000
64459,1.016,-0.001,0.000,0.000
64479,1.017,-0.000,0.000,0.000
64500,1.018,0.001,0.000,0.000
64520,1.017,0.000,0.000,0.000
64540,1.017,0.000,0.000,0.000
64560,1.018,0.001,0.000,0.000
64580,1.017,0.000,0.000,0.000
64601,1.018,0.001,0.000,0.000
64621,1.017,-0.001,0.000,0.000
64641,1.017,0.000,0.000,0.000
64661,1.015,-0.002,0.000,0.000
64681,1.016,-0.001,0.000,0.000
74916,0.947,-0.071,-0.012,0.000
74936,1.102,0.086,0.005,0.005
74956,1.048,0.031,0.005,0.005
74977,1.017,0.001,0.005,0.005
74997,1.006,-0.009,0.005,0.005
75017,0.996,-0.019,0.005,0.005
75037,0.994,-0.021,0.005,0.005
75058,1.017,-0.000,0.004,0.004
75078,1.032,0.015,0.004,0.004
75098,1.020,0.003,0.000,0.000
75118,1.019,0.002,0.000,0.000
75139,1.043,0.021,0.000,0.000
75159,1.039,0.015,0.000,0.000
75179,1.009,-0.009,0.000,0.000
75199,0.969,-0.047,-0.008,0.000
75220,1.008,-0.008,-0.007,0.000
75240,0.949,-0.066,-0.017,0.000
75260,1.028,0.008,-0.014,0.000
75280,1.173,0.131,0.011,0.011
75301,1.100,0.064,0.024,0.024
75321,0.907,-0.119,0.001,0.001
75341,0.883,-0.133,-0.022,0.000
75361,1.026,0.004,-0.018,0.000
75382,1.105,0.062,-0.005,0.000
75403,1.028,-0.004,-0.004,0.000
75423,1.011,-0.016,-0.003,0.000
75443,0.934,-0.085,-0.017,0.000
75464,1.013,-0.006,-0.015,0.000
75484,1.101,0.065,-0.002,0.000
75504,1.050,0.011,-0.001,0.000
75524,0.987,-0.041,-0.008,0.000
75545,1.016,-0.050,-0.016,0.000
75565,1.046,-0.011,-0.013,0.000
75585,1.006,-0.015,-0.011,0.000
75605,1.022,-0.014,-0.010,0.000
75626,1.016,-0.011,-0.008,0.000
75646,1.008,-0.025,-0.007,0.000
75666,1.050,0.020,-0.006,0.000
75686,0.992,-0.062,-0.015,0.000
75707,1.017,-0.024,-0.013,0.000
75727,1.018,-0.019,-0.011,0.000
75747,1.003,-0.032,-0.009,0.000
75767,1.040,-0.006,-0.008,0.000
75788,1.021,-0.021,-0.007,0.000
75808,1.021,-0.012,-0.006,0.000
75828,1.038,-0.047,-0.013,0.000
75848,1.037,-0.024,-0.011,0.000
75869,1.099,0.072,0.004,0.004
75889,1.226,0.193,0.041,0.041
75909,0.947,-0.252,-0.007,0.000
75929,1.013,-0.016,-0.006,0.000
75950,1.019,-0.008,-0.005,0.000
75970,1.014,-0.010,-0.004,0.000
75990,1.029,0.009,-0.004,0.000
76010,1.100,0.076,0.011,0.011
76031,1.059,0.019,0.011,0.011
76051,0.974,-0.056,-0.000,0.000
76071,1.051,-0.019,-0.000,0.000
76091,1.031,-0.043,-0.007,0.000
76112,1.026,0.006,-0.006,0.000
76132,1.043,0.022,-0.005,0.000
76152,1.029,0.014,-0.004,0.000
76172,1.025,0.006,-0.004,0.000
76193,0.996,-0.021,-0.003,0.000
76213,1.065,0.040,-0.003,0.000
76233,1.120,0.082,0.013,0.013
76253,1.188,0.139,0.040,0.040
76274,1.046,0.030,0.039,0.039
76294,1.027,0.009,0.038,0.038
76314,1.087,0.071,0.051,0.051
76334,1.117,0.087,0.067,0.067
76355,1.084,0.036,0.065,0.065
76375,1.068,0.020,0.064,0.064
76395,1.050,0.005,0.063,0.063
76415,1.048,-0.004,0.062,0.062
76436,1.078,0.045,0.069,0.069
76457,1.147,0.118,0.092,0.092
76477,1.218,0.178,0.124,0.124
76497,1.168,0.122,0.145,0.145
76518,1.179,0.115,0.166,0.166
76538,1.230,0.174,0.196,0.196
76558,1.103,0.054,0.202,0.202
76578,0.985,-0.103,0.178,0.178
76599,0.925,-0.160,0.142,0.142
76619,1.014,-0.136,0.113,0.113
76639,0.999,-0.091,0.094,0.094
76659,1.078,-0.029,0.092,0.092
76680,1.022,-0.101,0.070,0.070
76700,0.942,-0.176,0.034,0.034
76720,0.991,-0.177,-0.000,0.000
76740,1.021,-0.189,-0.032,0.000
76761,1.038,-0.152,-0.053,0.000
76781,1.072,-0.134,-0.068,0.000
76801,1.044,-0.218,-0.094,0.000
76821,0.982,-0.241,-0.120,0.000
76842,1.056,-0.189,-0.135,0.000
76862,1.113,-0.165,-0.142,0.000
76882,1.053,-0.231,-0.160,0.000
76902,0.923,-0.313,-0.188,0.000
76923,1.030,-0.261,-0.205,0.000
76943,1.115,-0.218,-0.211,0.000
76963,1.054,-0.260,-0.223,0.000
76983,1.027,-0.277,-0.235,0.000
77004,1.000,-0.319,-0.256,0.000
77024,1.024,-0.375,-0.280,0.000
77044,0.902,-0.432,-0.310,0.000
77064,0.940,-0.444,-0.338,0.000
77085,1.004,-0.430,-0.362,0.000
77105,0.996,-0.429,-0.380,0.000
77125,0.935,-0.461,-0.399,0.000
77145,0.952,-0.488,-0.421,0.000
77166,0.919,-0.482,-0.442,0.000
77186,1.010,-0.445,-0.450,0.000
77206,1.075,-0.449,-0.457,0.000
77226,0.978,-0.499,-0.472,0.000
77247,0.904,-0.533,-0.494,0.000
77267,0.935,-0.518,-0.500,0.000
77287,1.038,-0.498,-0.500,0.000
77307,1.081,-0.508,-0.500,0.000
77328,1.028,-0.515,-0.500,0.000
77348,0.979,-0.522,-0.500,0.000
77368,1.006,-0.551,-0.500,0.000
77388,1.018,-0.571,-0.500,0.000
77409,1.012,-0.571,-0.500,0.000
77429,1.134,-0.533,-0.500,0.000
77449,1.089,-0.526,-0.500,0.000
77469,0.925,-0.572,-0.500,0.000
77490,1.091,-0.566,-0.500,0.000
77510,1.123,-0.558,-0.500,0.000
77530,1.186,-0.568,-0.500,0.000
77550,1.209,-0.583,-0.500,0.000
77571,1.091,-0.600,-0.500,0.000
77591,1.047,-0.641,-0.500,0.000
77611,1.042,-0.680,-0.500,0.000
77631,1.020,-0.707,-0.500,0.000
77652,1.037,-0.743,-0.500,0.000
77672,1.039,-0.776,-0.500,0.000
77692,1.035,-0.777,-0.500,0.000
77712,1.049,-0.806,-0.500,0.000
77733,0.947,-0.882,-0.500,0.000
77753,0.967,-0.921,-0.500,0.000
77773,1.072,-0.919,-0.500,0.000
77793,1.005,-0.941,-0.500,0.000
77814,0.908,-1.023,-0.500,0.000
77834,0.924,-1.046,-0.500,0.000
77854,0.976,-1.020,-0.500,0.000
77874,0.993,-1.062,-0.500,0.000
77895,0.912,-1.131,-0.500,0.000
77915,0.918,-1.119,-0.500,0.000
77935,0.967,-1.056,-0.500,0.000
77955,1.011,-1.030,-0.500,0.000
77976,1.091,-1.073,-0.500,0.000
77996,1.149,-1.091,-0.500,0.000
78016,1.169,-1.089,-0.500,0.000
78036,1.170,-1.108,-0.500,0.000
78057,1.175,-1.152,-0.500,0.000
78077,1.143,-1.223,-0.500,0.000
78097,1.128,-1.260,-0.500,0.000
78117,0.967,-1.186,-0.500,0.000
78138,0.958,-1.088,-0.500,0.000
78158,1.169,-1.073,-0.500,0.000
78178,1.264,-1.094,-0.500,0.000
78198,1.274,-1.117,-0.500,0.000
78219,1.085,-1.220,-0.500,0.000
78239,0.752,-1.204,-0.500,0.000
78259,0.816,-1.117,-0.500,0.000
78279,1.335,-1.032,-0.500,0.000
78300,1.543,-1.076,-0.500,0.000
78320,1.276,-1.182,-0.500,0.000
78340,0.794,-1.216,-0.500,0.000
78360,0.599,-1.280,-0.500,0.000
78381,0.819,-1.305,-0.500,0.000
78401,1.065,-1.157,-0.500,0.000
78421,1.211,-0.975,-0.500,0.000
78441,1.158,-0.900,-0.500,0.000
78462,0.887,-0.944,-0.500,0.000
78482,0.672,-1.113,-0.500,0.000
78502,0.717,-1.160,-0.500,0.000
78522,0.776,-1.150,-0.500,0.000
78543,0.780,-1.110,-0.500,0.000
78563,0.866,-1.069,-0.500,0.000
78583,1.030,-1.004,-0.500,0.000
78603,1.110,-0.960,-0.500,0.000
78624,1.116,-0.976,-0.500,0.000
78644,1.065,-0.963,-0.500,0.000
78664,1.142,-0.949,-0.500,0.000
78684,1.143,-1.005,-0.500,0.000
78705,1.070,-1.037,-0.500,0.000
78725,1.029,-1.022,-0.500,0.000
78745,0.992,-1.032,-0.500,0.000
78765,0.975,-1.054,-0.500,0.000
78786,0.962,-1.087,-0.500,0.000
78806,0.888,-1.123,-0.500,0.000
78826,0.854,-1.136,-0.500,0.000
78846,0.960,-1.096,-0.500,0.000
78867,0.979,-1.044,-0.500,0.000
78887,0.843,-1.047,-0.500,0.000
78907,0.848,-1.007,-0.500,0.000
78927,0.971,-1.014,-0.500,0.000
78948,0.951,-1.024,-0.500,0.000
78968,0.996,-0.964,-0.500,0.000
78988,1.012,-0.975,-0.500,0.000
79008,0.968,-1.023,-0.500,0.000
79029,0.954,-1.022,-0.500,0.000
79049,0.950,-0.983,-0.500,0.000
79069,0.940,-0.921,-0.500,0.000
79089,0.932,-0.855,-0.500,0.000
79110,1.026,-0.831,-0.500,0.000
79130,1.085,-0.852,-0.500,0.000
79150,1.105,-0.851,-0.500,0.000
79170,1.126,-0.815,-0.500,0.000
79191,1.028,-0.854,-0.500,0.000
79211,0.905,-0.938,-0.500,0.000
79231,0.851,-0.909,-0.500,0.000
79251,0.887,-0.878,-0.500,0.000
79272,0.934,-0.920,-0.500,0.000
79292,0.961,-0.922,-0.500,0.000
79312,1.012,-0.880,-0.500,0.000
79332,0.931,-0.928,-0.500,0.000
79353,0.852,-0.947,-0.500,0.000
79373,0.918,-0.900,-0.500,0.000
79393,0.897,-0.920,-0.500,0.000
79413,0.855,-0.953,-0.500,0.000
79434,0.785,-0.930,-0.500,0.000
79454,0.763,-0.894,-0.500,0.000
79474,0.803,-0.927,-0.500,0.000
79494,0.910,-0.883,-0.500,0.000
79515,1.066,-0.817,-0.500,0.000
79535,1.120,-0.757,-0.500,0.000
79555,0.995,-0.730,-0.500,0.000
79575,0.922,-0.699,-0.500,0.000
79596,1.002,-0.597,-0.500,0.000
79616,1.325,-0.425,-0.496,0.000
79636,1.592,-0.384,-0.486,0.000
79656,1.309,-0.525,-0.500,0.000
79677,0.944,-0.677,-0.500,0.000
79697,0.926,-0.662,-0.500,0.000
79717,0.999,-0.595,-0.500,0.000
79737,1.105,-0.567,-0.500,0.000
79758,1.095,-0.561,-0.500,0.000
79778,1.248,-0.558,-0.500,0.000
79798,1.325,-0.606,-0.500,0.000
79818,1.375,-0.482,-0.500,0.000
79839,1.369,-0.304,-0.478,0.000
79859,1.213,-0.439,-0.480,0.000
79879,0.865,-0.792,-0.500,0.000
79899,0.637,-0.788,-0.500,0.000
79920,0.909,-0.561,-0.500,0.000
79940,1.121,-0.552,-0.500,0.000
79960,1.005,-0.624,-0.500,0.000
79980,0.969,-0.589,-0.500,0.000
80001,1.159,-0.521,-0.500,0.000
80021,1.420,-0.556,-0.500,0.000
80041,1.085,-0.625,-0.500,0.000
80061,0.901,-0.614,-0.500,0.000
80082,1.095,-0.587,-0.500,0.000
80103,1.051,-0.576,-0.500,0.000
80123,0.975,-0.530,-0.500,0.000
80143,1.055,-0.566,-0.500,0.000
80164,1.160,-0.559,-0.500,0.000
80184,1.200,-0.527,-0.500,0.000
80204,1.230,-0.473,-0.500,0.000
80224,1.278,-0.467,-0.500,0.000
80245,1.181,-0.513,-0.500,0.000
80265,1.045,-0.561,-0.500,0.000
80285,0.894,-0.632,-0.500,0.000
80305,0.816,-0.651,-0.500,0.000
80326,0.999,-0.598,-0.500,0.000
80346,1.103,-0.558,-0.500,0.000
80366,0.956,-0.554,-0.500,0.000
80386,1.066,-0.519,-0.500,0.000
80415,1.204,-0.456,-0.500,0.000
80435,1.333,-0.411,-0.493,0.000
80455,1.223,-0.515,-0.500,0.000
80475,0.932,-0.577,-0.500,0.000
80496,0.973,-0.519,-0.500,0.000
80516,1.057,-0.527,-0.500,0.000
80536,0.869,-0.654,-0.500,0.000
80556,0.885,-0.749,-0.500,0.000
80577,0.688,-0.791,-0.500,0.000
80597,0.519,-0.883,-0.500,0.000
80617,0.830,-0.754,-0.500,0.000
80637,1.114,-0.632,-0.500,0.000
80658,1.058,-0.690,-0.500,0.000
80678,1.016,-0.845,-0.500,0.000
80698,1.056,-0.888,-0.500,0.000
80718,1.191,-0.780,-0.500,0.000
80739,1.036,-0.769,-0.500,0.000
80759,1.079,-0.757,-0.500,0.000
80779,1.119,-0.748,-0.500,0.000
80799,1.366,-1.025,-0.500,0.000
80820,1.209,-0.745,-0.500,0.000
80840,1.250,-0.841,-0.500,0.000
80860,0.936,-1.015,-0.500,0.000
80880,0.740,-0.930,-0.500,0.000
80901,0.747,-0.958,-0.500,0.000
80921,0.888,-0.852,-0.500,0.000
80941,1.147,-0.563,-0.500,0.000
80961,1.041,-0.642,-0.500,0.000
80982,0.679,-0.911,-0.500,0.000
81003,0.866,-0.798,-0.500,0.000
81023,0.908,-0.865,-0.500,0.000
81043,0.981,-0.829,-0.500,0.000
81064,1.016,-0.676,-0.500,0.000
81084,1.040,-0.735,-0.500,0.000
81104,1.321,-0.743,-0.500,0.000
81124,1.088,-0.702,-0.500,0.000
81145,0.895,-0.823,-0.500,0.000
81165,0.809,-0.720,-0.500,0.000
81185,0.869,-0.699,-0.500,0.000
81205,1.020,-0.748,-0.500,0.000
81226,0.996,-0.710,-0.500,0.000
81246,1.113,-0.665,-0.500,0.000
81266,1.185,-0.742,-0.500,0.000
81286,1.187,-0.812,-0.500,0.000
81308,1.160,-0.755,-0.500,0.000
81328,1.140,-0.934,-0.500,0.000
81348,1.255,-0.920,-0.500,0.000
81368,1.423,-0.735,-0.500,0.000
81389,0.864,-0.285,-0.475,0.000
81409,0.914,-0.348,-0.462,0.000
81429,1.404,-0.607,-0.494,0.000
81449,0.606,-0.734,-0.500,0.000
81470,1.046,-0.583,-0.500,0.000
81490,0.904,-0.692,-0.500,0.000
81510,0.986,-0.737,-0.500,0.000
81530,1.036,-0.693,-0.500,0.000
81551,1.341,-0.791,-0.500,0.000
81571,1.351,-0.765,-0.500,0.000
81591,1.116,-0.802,-0.500,0.000
81611,0.912,-0.872,-0.500,0.000
81632,1.037,-0.710,-0.500,0.000
81653,1.146,-0.289,-0.476,0.000
81673,1.326,-0.017,-0.404,0.000
81693,1.105,-0.274,-0.389,0.000
81714,0.862,-0.625,-0.440,0.000
81734,0.636,-0.739,-0.498,0.000
81754,0.913,-0.542,-0.500,0.000
81774,1.204,-0.354,-0.484,0.000
81795,1.136,-0.288,-0.462,0.000
81815,0.996,-0.506,-0.477,0.000
81835,1.010,-0.449,-0.480,0.000
81855,0.950,-0.454,-0.484,0.000
81876,1.051,-0.478,-0.495,0.000
81896,1.113,-0.418,-0.491,0.000
81916,1.032,-0.360,-0.477,0.000
81936,0.906,-0.436,-0.478,0.000
81957,1.049,-0.350,-0.468,0.000
81977,1.032,-0.314,-0.450,0.000
81997,0.970,-0.314,-0.435,0.000
82017,1.042,-0.242,-0.410,0.000
82038,1.051,-0.312,-0.403,0.000
82058,1.058,-0.396,-0.409,0.000
82078,1.153,-0.405,-0.415,0.000
82098,1.132,-0.468,-0.431,0.000
82119,1.043,-0.574,-0.467,0.000
82139,0.948,-0.729,-0.500,0.000
82159,0.984,-0.903,-0.500,0.000
82179,1.069,-0.856,-0.500,0.000
82200,1.144,-0.780,-0.500,0.000
82220,1.075,-0.770,-0.500,0.000
82240,0.960,-0.840,-0.500,0.000
82260,0.879,-0.850,-0.500,0.000
82281,0.911,-0.769,-0.500,0.000
82301,1.025,-0.794,-0.500,0.000
82321,1.115,-0.874,-0.500,0.000
82341,1.073,-0.856,-0.500,0.000
82362,1.020,-0.764,-0.500,0.000
82382,1.012,-0.834,-0.500,0.000
82402,0.904,-0.901,-0.500,0.000
82422,0.942,-0.831,-0.500,0.000
82443,1.046,-0.763,-0.500,0.000
82463,1.034,-0.790,-0.500,0.000
82483,1.040,-0.793,-0.500,0.000
82503,0.955,-0.800,-0.500,0.000
82524,0.942,-0.802,-0.500,0.000
82544,1.047,-0.814,-0.500,0.000
82564,1.087,-0.829,-0.500,0.000
82584,1.036,-0.811,-0.500,0.000
82605,0.951,-0.704,-0.500,0.000
82625,0.985,-0.717,-0.500,0.000
82645,0.966,-0.759,-0.500,0.000
82665,0.969,-0.804,-0.500,0.000
82686,0.995,-0.819,-0.500,0.000
82707,0.951,-0.842,-0.500,0.000
82727,0.999,-0.830,-0.500,0.000
82747,1.070,-0.766,-0.500,0.000
82768,1.017,-0.768,-0.500,0.000
82788,1.015,-0.780,-0.500,0.000
82808,1.297,-0.916,-0.500,0.000
82828,1.075,-0.710,-0.500,0.000
82849,0.787,-0.766,-0.500,0.000
82869,1.060,-0.802,-0.500,0.000
82889,1.023,-0.840,-0.500,0.000
82909,1.037,-0.787,-0.500,0.000
82930,1.025,-0.797,-0.500,0.000
82950,0.982,-0.834,-0.500,0.000
82970,0.949,-0.831,-0.500,0.000
82990,0.987,-0.807,-0.500,0.000
83011,0.947,-0.851,-0.500,0.000
83031,0.976,-0.803,-0.500,0.000
83051,1.008,-0.778,-0.500,0.000
83071,0.972,-0.793,-0.500,0.000
83092,0.943,-0.814,-0.500,0.000
83112,0.938,-0.849,-0.500,0.000
83132,1.100,-0.825,-0.500,0.000
83152,1.095,-0.798,-0.500,0.000
83173,1.019,-0.773,-0.500,0.000
83193,0.969,-0.767,-0.500,0.000
83213,0.854,-0.820,-0.500,0.000
83233,0.973,-0.798,-0.500,0.000
83254,1.073,-0.786,-0.500,0.000
83274,1.075,-0.768,-0.500,0.000
83294,1.084,-0.725,-0.500,0.000
83314,1.113,-0.755,-0.500,0.000
83335,0.994,-0.847,-0.500,0.000
83355,0.852,-0.733,-0.500,0.000
83375,1.038,-0.808,-0.500,0.000
83395,1.100,-0.876,-0.500,0.000
83416,0.954,-0.874,-0.500,0.000
83436,1.091,-0.930,-0.500,0.000
83456,1.088,-0.840,-0.500,0.000
83476,0.801,-0.800,-0.500,0.000
83497,1.087,-0.626,-0.500,0.000
83517,1.070,-0.835,-0.500,0.000
83537,1.010,-0.896,-0.500,0.000
83557,1.002,-0.826,-0.500,0.000
83578,1.025,-0.751,-0.500,0.000
83598,1.011,-0.817,-0.500,0.000
83618,0.981,-0.854,-0.500,0.000
83638,0.982,-0.830,-0.500,0.000
83659,1.001,-0.789,0.000,0.000
83679,0.979,-0.678,0.000,0.000
83699,0.997,-0.513,0.000,0.000
83719,1.029,-0.306,0.000,0.000
83740,0.956,-0.262,-0.046,0.000
83760,0.943,-0.333,-0.094,0.000
83780,1.048,-0.225,-0.118,0.000
83800,1.087,-0.194,-0.132,0.000
83821,0.986,-0.247,-0.156,0.000
83841,1.067,-0.111,-0.151,0.000
83861,1.012,-0.162,-0.155,0.000
83881,0.869,-0.318,-0.185,0.000
83902,0.921,-0.245,-0.200,0.000
83922,1.032,-0.168,-0.198,0.000
83942,0.968,-0.261,-0.212,0.000
83962,0.942,-0.291,-0.229,0.000
83983,0.965,-0.235,-0.236,0.000
84004,0.971,-0.247,-0.244,0.000
84024,0.982,-0.268,-0.252,0.000
84044,1.010,-0.201,-0.247,0.000
84065,1.083,-0.177,-0.241,0.000
84085,1.076,-0.226,-0.243,0.000
84105,1.056,-0.217,-0.243,0.000
84125,1.139,-0.173,-0.235,0.000
84146,1.133,-0.156,-0.227,0.000
84166,1.173,-0.114,-0.212,0.000
84186,1.032,-0.302,-0.231,0.000
84206,0.900,-0.495,-0.279,0.000
84227,0.949,-0.346,-0.297,0.000
84247,1.062,-0.174,-0.282,0.000
84267,1.061,-0.204,-0.274,0.000
84287,0.942,-0.301,-0.283,0.000
84308,0.925,-0.256,-0.285,0.000
84328,0.971,-0.247,-0.284,0.000
84348,1.055,-0.235,-0.280,0.000
84368,1.082,-0.244,-0.279,0.000
84389,1.041,-0.285,-0.287,0.000
84409,1.046,-0.225,-0.282,0.000
84429,0.991,-0.236,-0.279,0.000
84449,0.948,-0.333,-0.292,0.000
84470,1.002,-0.325,-0.306,0.000
84490,0.991,-0.329,-0.315,0.000
84510,0.914,-0.347,-0.325,0.000
84530,0.852,-0.347,-0.334,0.000
84551,0.928,-0.242,-0.327,0.000
84571,0.996,-0.206,-0.312,0.000
84591,1.055,-0.217,-0.301,0.000
84611,1.050,-0.213,-0.292,0.000
84632,1.081,-0.111,-0.267,0.000
84653,1.039,-0.234,-0.268,0.000
84673,0.918,-0.290,-0.276,0.000
84693,0.984,-0.206,-0.269,0.000
84714,1.063,-0.180,-0.260,0.000
84734,1.146,-0.118,-0.241,0.000
84754,0.987,-0.225,-0.242,0.000
84774,0.988,-0.096,-0.222,0.000
84795,0.966,-0.191,-0.222,0.000
84815,0.950,-0.249,-0.230,0.000
84835,1.084,-0.105,-0.213,0.000
84855,1.149,-0.094,-0.197,0.000
84876,1.109,-0.154,-0.194,0.000
84896,1.047,-0.163,-0.192,0.000
84916,0.929,-0.196,-0.196,0.000
84936,0.909,-0.289,-0.215,0.000
84957,1.029,-0.258,-0.228,0.000
84977,1.129,-0.094,-0.209,0.000
84997,1.021,-0.169,-0.206,0.000
85017,0.972,-0.208,-0.210,0.000
85038,1.111,-0.134,-0.202,0.000
85058,1.128,-0.124,-0.192,0.000
85078,0.922,-0.242,-0.204,0.000
85098,0.936,-0.217,-0.209,0.000
85119,1.048,-0.103,-0.196,0.000
85139,0.919,-0.175,-0.196,0.000
85159,0.968,-0.145,-0.191,0.000
85179,0.961,-0.158,-0.188,0.000
85200,0.944,-0.165,-0.189,0.000
85220,0.921,-0.215,-0.197,0.000
85240,0.945,-0.179,-0.197,0.000
85260,0.972,-0.118,-0.187,0.000
85281,0.949,-0.163,-0.187,0.000
85301,0.970,-0.184,-0.190,0.000
85321,0.994,-0.175,-0.191,0.000
85341,1.003,-0.204,-0.196,0.000
85362,1.058,-0.196,-0.201,0.000
85382,1.066,-0.151,-0.196,0.000
85402,0.972,-0.219,-0.203,0.000
85422,1.077,-0.136,-0.196,0.000
85443,1.133,-0.121,-0.187,0.000
85463,1.042,-0.207,-0.194,0.000
85483,1.058,-0.168,-0.193,0.000
85503,1.009,-0.149,-0.189,0.000
85524,0.998,-0.163,-0.189,0.000
85544,1.101,-0.124,-0.181,0.000
85564,1.120,-0.070,-0.166,0.000
85584,1.190,0.045,-0.133,0.000
85605,1.062,-0.058,-0.124,0.000
85625,1.033,-0.126,-0.126,0.000
85645,1.108,-0.080,-0.121,0.000
85665,1.091,-0.082,-0.116,0.000
85686,1.086,-0.092,-0.115,0.000
85707,1.019,-0.115,-0.118,0.000
85727,1.008,-0.132,-0.122,0.000
85747,0.962,-0.187,-0.135,0.000
85768,0.923,-0.218,-0.153,0.000
85788,1.014,-0.147,-0.155,0.000
85808,1.085,-0.050,-0.140,0.000
85828,1.152,0.011,-0.119,0.000
85849,1.122,-0.055,-0.111,0.000
85869,1.027,-0.145,-0.118,0.000
85889,0.946,-0.202,-0.134,0.000
85909,0.993,-0.178,-0.144,0.000
85930,1.119,-0.098,-0.139,0.000
85950,1.134,-0.049,-0.127,0.000
85970,1.115,-0.035,-0.108,0.000
85990,1.082,-0.034,-0.091,0.000
86011,1.031,-0.054,-0.087,0.000
86031,1.015,-0.075,-0.087,0.000
86051,0.995,-0.123,-0.094,0.000
86071,0.981,-0.140,-0.104,0.000
86092,0.998,-0.121,-0.109,0.000
86112,1.076,-0.131,-0.115,0.000
86132,0.998,-0.193,-0.130,0.000
86152,0.936,-0.251,-0.152,0.000
86173,0.897,-0.292,-0.180,0.000
86193,0.937,-0.297,-0.203,0.000
86213,0.980,-0.301,-0.223,0.000
86233,1.014,-0.291,-0.238,0.000
86254,1.108,-0.235,-0.244,0.000
86274,1.113,-0.170,-0.235,0.000
86294,1.091,-0.137,-0.223,0.000
86314,1.026,-0.163,-0.217,0.000
86335,0.919,-0.243,-0.227,0.000
86355,0.837,-0.324,-0.247,0.000
86375,0.834,-0.344,-0.267,0.000
86395,0.868,-0.355,-0.286,0.000
86416,0.944,-0.300,-0.296,0.000
86436,1.015,-0.260,-0.295,0.000
86456,0.992,-0.267,-0.295,0.000
86476,0.927,-0.328,-0.306,0.000
86497,0.880,-0.445,-0.338,0.000
86517,0.896,-0.497,-0.370,0.000
86537,0.964,-0.431,-0.386,0.000
86557,1.100,-0.317,-0.381,0.000
86578,1.153,-0.262,-0.370,0.000
86598,1.103,-0.239,-0.354,0.000
86618,1.084,-0.214,-0.337,0.000
86638,1.071,-0.186,-0.317,0.000
86659,1.060,-0.210,-0.306,0.000
86679,1.029,-0.255,-0.303,0.000
86699,0.948,-0.328,-0.312,0.000
86719,0.901,-0.382,-0.329,0.000
86740,0.933,-0.383,-0.347,0.000
86760,1.006,-0.291,-0.343,0.000
86780,1.154,-0.168,-0.320,0.000
86800,1.242,-0.108,-0.290,0.000
86821,1.112,-0.204,-0.282,0.000
86841,0.970,-0.316,-0.293,0.000
86861,0.951,-0.380,-0.312,0.000
86881,0.994,-0.360,-0.325,0.000
86902,1.038,-0.312,-0.331,0.000
86922,1.068,-0.291,-0.330,0.000
86942,1.014,-0.342,-0.338,0.000
86962,0.936,-0.381,-0.351,0.000
86983,0.947,-0.342,-0.358,0.000
87003,1.037,-0.274,-0.350,0.000
87023,1.115,-0.209,-0.332,0.000
87043,1.122,-0.225,-0.320,0.000
87064,1.116,-0.271,-0.319,0.000
87084,1.089,-0.277,-0.318,0.000
87104,1.025,-0.264,-0.314,0.000
87124,0.988,-0.264,-0.311,0.000
87145,1.035,-0.236,-0.306,0.000
87165,1.077,-0.221,-0.297,0.000
87185,1.044,-0.264,-0.296,0.000
87205,0.991,-0.321,-0.305,0.000
87226,0.972,-0.364,-0.323,0.000
87246,0.987,-0.358,-0.334,0.000
87266,1.022,-0.322,-0.338,0.000
87286,1.067,-0.260,-0.331,0.000
87307,1.059,-0.246,-0.324,0.000
87327,0.974,-0.303,-0.326,0.000
87347,0.930,-0.327,-0.332,0.000
87367,0.972,-0.294,-0.331,0.000
87388,1.027,-0.251,-0.325,0.000
87408,1.063,-0.241,-0.317,0.000
87428,1.072,-0.256,-0.312,0.000
87448,1.047,-0.284,-0.313,0.000
87469,1.031,-0.299,-0.318,0.000
87489,1.063,-0.267,-0.315,0.000
87509,1.062,-0.257,-0.311,0.000
87529,1.041,-0.258,-0.307,0.000
87550,1.000,-0.269,-0.308,0.000
87570,0.965,-0.285,-0.309,0.000
87590,0.969,-0.293,-0.312,0.000
87610,0.982,-0.285,-0.313,0.000
87631,1.022,-0.263,-0.312,0.000
87651,1.107,-0.224,-0.302,0.000
87671,1.100,-0.223,-0.294,0.000
87691,1.052,-0.257,-0.293,0.000
87712,1.035,-0.280,-0.298,0.000
87732,1.045,-0.282,-0.300,0.000
87752,1.009,-0.294,-0.304,0.000
87772,1.012,-0.287,-0.306,0.000
87793,1.038,-0.262,-0.306,0.000
87813,1.039,-0.264,-0.304,0.000
87833,1.015,-0.282,-0.306,0.000
87853,0.998,-0.292,-0.309,0.000
87874,1.007,-0.293,0.000,0.000
87894,0.984,-0.186,0.000,0.000
87914,0.998,-0.084,0.000,0.000
87934,1.006,-0.014,0.000,0.000
87955,0.990,0.030,0.000,0.000
87975,1.013,0.088,0.000,0.000
87995,1.008,0.107,0.000,0.000
88015,0.996,0.111,0.000,0.000
88056,1.052,0.173,0.033,0.033
88076,1.044,0.169,0.065,0.065
88096,1.007,0.134,0.089,0.089
88117,0.998,0.123,0.113,0.113
88137,1.016,0.144,0.138,0.138
88157,1.036,0.168,0.167,0.167
88177,1.020,0.149,0.193,0.193
88198,1.002,0.129,0.215,0.215
88218,1.015,0.145,0.000,0.000
88238,1.018,0.143,0.000,0.000
88258,1.016,0.132,0.000,0.000
88279,1.024,0.132,0.000,0.000
88299,1.031,0.131,0.000,0.000
88319,1.025,0.119,0.000,0.000
88339,1.030,0.117,0.000,0.000
88360,1.020,0.098,0.000,0.000
88501,1.060,0.095,0.018,0.018
88522,1.054,0.090,0.036,0.036
88542,1.025,0.059,0.047,0.047
88562,1.007,0.042,0.054,0.054
88582,1.010,0.045,0.061,0.061
88604,1.035,0.071,0.075,0.075
88624,1.042,0.078,0.088,0.088
88644,1.026,0.062,0.099,0.099
88664,1.019,0.054,0.107,0.107
88685,1.012,0.047,0.114,0.114
88705,1.037,0.071,0.126,0.126
88725,1.059,0.094,0.141,0.141
88745,1.039,0.072,0.152,0.152
88766,1.011,0.045,0.158,0.158
88786,1.015,0.050,0.165,0.165
88806,1.050,0.085,0.178,0.178
88826,1.060,0.096,0.193,0.193
88847,1.062,0.098,0.209,0.209
88867,1.038,0.075,0.219,0.219
88887,1.028,0.063,0.226,0.226
88907,1.060,0.094,0.240,0.240
88928,1.093,0.128,0.261,0.261
88948,1.061,0.097,0.274,0.274
88968,1.038,0.072,0.283,0.283
88988,1.039,0.072,0.291,0.291
89009,1.054,0.086,0.303,0.303
89029,1.093,0.127,0.321,0.321
89049,1.090,0.125,0.339,0.339
89069,1.028,0.061,0.344,0.344
89090,1.019,0.051,0.347,0.347
89110,1.038,0.071,0.354,0.354
89130,1.022,0.052,0.357,0.357
89150,0.983,0.010,0.350,0.350
89171,0.977,0.002,0.343,0.343
89191,0.998,0.025,0.000,0.000
89211,1.019,0.046,0.000,0.000
89231,1.015,0.038,0.000,0.000
89252,0.975,-0.004,0.000,0.000
89272,0.948,-0.031,0.000,0.000
89292,0.957,-0.026,0.000,0.000
89312,1.010,0.024,0.000,0.000
89333,1.063,0.081,0.016,0.016
89353,1.056,0.076,0.031,0.031
89373,1.020,0.040,0.030,0.030
89393,0.989,0.001,0.030,0.030
89414,0.961,-0.032,0.029,0.029
89434,0.938,-0.053,0.018,0.018
89454,0.941,-0.052,0.008,0.008
89474,0.985,-0.001,0.008,0.008
89495,0.990,0.006,0.008,0.008
89515,0.972,-0.011,0.007,0.007
89535,0.996,0.014,0.007,0.007
89555,0.974,-0.014,0.007,0.007
89576,0.873,-0.127,-0.016,0.000
89596,0.844,-0.152,-0.039,0.000
89616,0.875,-0.110,-0.052,0.000
89636,0.837,-0.142,-0.068,0.000
89657,0.700,-0.275,-0.105,0.000
89677,0.553,-0.422,-0.160,0.000
89697,0.386,-0.589,-0.234,0.000
89717,0.213,-0.796,-0.332,0.000
89738,0.217,-0.810,-0.424,0.000
89758,0.354,-0.622,-0.464,0.000
89778,0.743,-0.261,-0.438,0.000
89798,1.118,0.103,-0.355,0.000
89819,1.253,0.242,-0.260,0.000
89839,1.155,0.138,-0.198,0.000
89859,1.031,-0.020,-0.168,0.000
89879,0.877,-0.196,-0.175,0.000
89900,0.799,-0.285,-0.199,0.000
89920,0.954,-0.138,-0.192,0.000
89940,1.295,0.231,-0.125,0.000
89960,1.296,0.250,-0.065,0.000
89981,1.148,0.154,-0.028,0.000
90001,0.962,-0.016,-0.024,0.000
90021,0.827,-0.206,-0.055,0.000
90041,1.023,-0.081,-0.060,0.000
90062,1.463,0.418,0.026,0.026
90082,1.451,0.440,0.110,0.110
90102,1.337,0.321,0.169,0.169
90122,1.233,0.186,0.202,0.202
90143,1.081,0.043,0.207,0.207
90163,1.137,0.125,0.227,0.227
90183,1.350,0.340,0.287,0.287
90203,1.452,0.426,0.364,0.364
90224,1.462,0.403,0.438,0.438
90244,1.423,0.360,0.498,0.498
90264,1.290,0.252,0.537,0.537
90284,1.164,0.149,0.555,0.555
90305,1.136,0.141,0.572,0.572
90325,1.168,0.164,0.592,0.592
90345,1.211,0.164,0.612,0.612
90365,1.234,0.157,0.630,0.630
90386,1.229,0.179,0.653,0.653
90419,1.206,0.186,0.699,0.699
90439,1.205,0.184,0.720,0.720
90460,1.255,0.218,0.750,0.750
90480,1.357,0.304,0.794,0.794
90500,1.443,0.401,0.855,0.855
90520,1.465,0.440,0.922,0.922
90541,1.571,0.530,1.011,1.011
90561,1.651,0.602,1.106,1.106
90581,1.763,0.707,1.220,1.220
90601,1.720,0.681,1.327,1.327
90622,1.752,0.695,1.440,1.440
90642,1.840,0.771,1.560,1.560
90662,1.932,0.850,1.692,1.692
90682,1.808,0.704,1.794,1.794
90703,1.474,0.347,1.828,1.828
90723,1.083,-0.042,1.783,1.783
90743,0.681,-0.341,1.682,1.682
90763,0.392,-0.595,1.534,1.534
90784,0.354,-0.707,1.360,1.360
90804,0.347,-0.673,1.204,1.204
90824,0.344,-0.657,1.053,1.053
90844,0.363,-0.666,0.904,0.904
90865,0.374,-0.662,0.753,0.753
90885,0.344,-0.728,0.598,0.598
90906,0.457,-0.660,0.452,0.452
90926,0.506,-0.546,0.338,0.338
90947,0.463,-0.521,0.226,0.226
90967,0.565,-0.550,0.116,0.116
90987,0.504,-0.568,0.005,0.005
91007,0.670,-0.341,-0.053,0.000
91028,1.034,0.010,-0.045,0.000
91048,1.257,0.252,0.004,0.004
91068,1.306,0.303,0.063,0.063
91088,1.183,0.186,0.097,0.097
91109,1.031,0.046,0.104,0.104
91129,1.042,0.044,0.111,0.111
91149,1.142,0.106,0.129,0.129
91169,1.134,0.077,0.141,0.141
91190,1.054,0.021,0.138,0.138
91210,1.035,0.011,0.135,0.135
91230,0.989,-0.019,0.133,0.133
91250,0.953,-0.045,0.121,0.121
91271,1.017,0.024,0.119,0.119
91291,1.012,0.019,0.117,0.117
91311,0.962,-0.030,0.114,0.114
91331,0.928,-0.060,0.100,0.100
91352,1.009,0.015,0.098,0.098
91372,1.093,0.084,0.113,0.113
91392,1.090,0.075,0.125,0.125
91412,1.022,0.012,0.122,0.122
91433,1.010,0.009,0.120,0.120
91453,1.059,0.057,0.128,0.128
91473,1.088,0.078,0.141,0.141
91493,1.118,0.104,0.158,0.158
91514,1.103,0.090,0.173,0.173
91534,1.065,0.058,0.181,0.181
91555,1.054,0.058,0.189,0.189
91575,1.049,0.061,0.197,0.197
91596,1.058,0.059,0.205,0.205
91616,1.054,0.046,0.209,0.209
91636,0.989,-0.008,0.205,0.205
91656,0.960,-0.042,0.193,0.193
91676,1.011,0.000,0.189,0.189
91697,1.098,0.091,0.204,0.204
91717,1.085,0.085,0.216,0.216
91737,1.013,0.020,0.212,0.212
91757,0.988,-0.000,0.207,0.207
91778,0.915,-0.079,0.187,0.187
91798,0.784,-0.210,0.143,0.143
91818,0.762,-0.233,0.096,0.096
91838,0.796,-0.207,0.054,0.054
91859,0.841,-0.160,0.021,0.021
91879,0.907,-0.085,0.004,0.004
91899,0.916,-0.077,-0.010,0.000
91919,0.904,-0.099,-0.025,0.000
91940,0.838,-0.189,-0.054,0.000
91960,0.783,-0.238,-0.086,0.000
91980,0.761,-0.240,-0.113,0.000
92000,0.789,-0.201,-0.129,0.000
92021,0.812,-0.181,-0.142,0.000
92041,0.797,-0.202,-0.154,0.000
92061,0.813,-0.196,-0.164,0.000
92081,0.868,-0.142,-0.163,0.000
92102,0.961,-0.036,-0.138,0.000
92122,1.000,0.015,-0.118,0.000
92142,1.060,0.078,-0.087,0.000
92162,1.110,0.123,-0.054,0.000
92183,1.121,0.127,-0.023,0.000
92203,1.110,0.105,-0.002,0.000
92223,1.076,0.071,0.011,0.011
92243,1.094,0.105,0.031,0.031
92264,1.037,0.045,0.040,0.040
92284,1.055,0.060,0.051,0.051
92305,1.070,0.072,0.064,0.064
92325,1.036,0.044,0.071,0.071
92346,1.007,0.016,0.070,0.070
92366,1.047,0.053,0.079,0.079
92386,1.110,0.119,0.100,0.100
92406,1.096,0.105,0.118,0.118
92427,1.046,0.057,0.127,0.127
92447,1.018,0.033,0.125,0.125
92467,0.989,0.001,0.122,0.122
92487,0.993,-0.003,0.120,0.120
92508,1.030,0.033,0.118,0.118
92528,1.117,0.126,0.139,0.139
92548,1.108,0.114,0.158,0.158
92568,1.092,0.091,0.173,0.173
92589,1.134,0.130,0.196,0.196
92609,1.146,0.145,0.220,0.220
92629,1.137,0.147,0.244,0.244
92649,1.100,0.106,0.259,0.259
92670,1.024,0.023,0.254,0.254
92690,1.043,0.043,0.257,0.257
92710,1.149,0.141,0.279,0.279
92730,1.136,0.125,0.298,0.298
92751,1.098,0.098,0.312,0.312
92771,1.082,0.080,0.321,0.321
92791,1.085,0.071,0.328,0.328
92811,1.075,0.070,0.335,0.335
92832,1.044,0.045,0.337,0.337
92852,1.045,0.038,0.330,0.330
92872,1.046,0.038,0.324,0.324
92892,1.050,0.043,0.326,0.326
92913,1.090,0.086,0.336,0.336
92933,1.099,0.096,0.348,0.348
92953,1.081,0.083,0.357,0.357
92973,1.061,0.051,0.360,0.360
92994,1.100,0.073,0.367,0.367
93014,1.157,0.134,0.386,0.386
93034,1.180,0.161,0.409,0.409
93054,1.134,0.120,0.424,0.424
93075,1.034,0.025,0.415,0.415
93095,0.988,-0.023,0.407,0.407
93115,0.997,-0.013,0.399,0.399
93135,1.041,0.030,0.391,0.391
93156,1.049,0.035,0.383,0.383
93176,1.005,-0.005,0.375,0.375
93196,0.991,-0.010,0.368,0.368
93216,1.010,-0.004,0.361,0.361
93237,1.010,0.000,0.353,0.353
93257,1.020,0.014,0.346,0.346
93277,1.049,0.049,0.349,0.349
93297,1.031,0.023,0.342,0.342
93318,0.997,-0.014,0.335,0.335
93338,1.083,0.069,0.341,0.341
93359,1.196,0.169,0.369,0.369
93379,1.301,0.267,0.413,0.413
93400,1.458,0.425,0.490,0.490
93420,1.593,0.560,0.588,0.588
93440,1.740,0.702,0.711,0.711
93460,1.923,0.876,0.865,0.865
93481,2.051,1.013,1.053,1.053
93501,2.137,1.100,1.243,1.243
93521,2.139,1.064,1.423,1.423
93541,1.945,0.779,1.544,1.544
93562,1.630,0.420,1.598,1.598
93582,1.547,0.505,1.663,1.663
93602,1.796,0.642,1.754,1.754
93622,1.676,0.387,1.793,1.793
93643,1.020,-0.017,1.757,1.757
93663,0.803,-0.643,1.598,1.598
93683,1.110,-1.169,1.341,1.341
93703,0.721,-1.276,1.069,1.069
93724,0.340,-1.160,0.814,0.814
93744,0.726,-0.858,0.633,0.633
93764,0.576,-0.665,0.492,0.492
93784,0.507,-0.659,0.355,0.355
93805,0.521,-0.580,0.231,0.231
93825,0.458,-0.536,0.123,0.123
93845,0.633,-0.612,0.003,0.003
93865,0.593,-0.568,-0.092,0.000
93886,0.654,-0.459,-0.158,0.000
93906,0.716,-0.441,-0.208,0.000
93926,1.048,-0.192,-0.209,0.000
93946,1.704,0.323,-0.124,0.000
93967,1.461,0.385,-0.038,0.000
93987,1.234,-0.015,-0.032,0.000
94007,1.313,-0.493,-0.109,0.000
94027,1.010,-0.357,-0.153,0.000
94048,1.425,0.067,-0.118,0.000
94068,1.797,0.396,-0.034,0.000
94088,1.595,0.384,0.040,0.040
94108,1.175,0.173,0.073,0.073
94129,1.119,0.072,0.086,0.086
94149,1.064,0.016,0.084,0.084
94169,0.948,-0.065,0.070,0.070
94189,0.970,-0.108,0.048,0.048
94210,1.013,-0.097,0.027,0.027
94230,0.956,-0.139,0.000,0.000
94250,0.894,-0.170,-0.028,0.000
94270,0.867,-0.159,-0.050,0.000
94291,0.831,-0.174,-0.073,0.000
94311,0.766,-0.235,-0.102,0.000
94331,0.737,-0.266,-0.131,0.000
94351,0.748,-0.270,-0.156,0.000
94372,0.735,-0.281,-0.182,0.000
94392,0.696,-0.301,-0.205,0.000
94412,0.631,-0.349,-0.232,0.000
94432,0.591,-0.400,-0.264,0.000
94453,0.716,-0.299,-0.277,0.000
94473,0.928,-0.109,-0.253,0.000
94493,1.047,0.012,-0.215,0.000
94513,1.014,-0.014,-0.183,0.000
94534,0.968,-0.076,-0.169,0.000
94555,0.983,-0.042,-0.151,0.000
94575,1.109,0.080,-0.115,0.000
94595,1.205,0.179,-0.068,0.000
94616,1.211,0.180,-0.026,0.000
94636,1.060,-0.000,-0.022,0.000
94657,0.923,-0.118,-0.040,0.000
94677,1.067,0.015,-0.034,0.000
94698,1.186,0.166,0.001,0.001
94718,1.192,0.186,0.036,0.036
94738,1.115,0.093,0.053,0.053
94758,0.999,-0.009,0.052,0.052
94779,0.918,-0.087,0.034,0.034
94799,0.939,-0.071,0.019,0.019
94819,1.036,0.021,0.019,0.019
94839,1.109,0.092,0.036,0.036
94860,1.119,0.098,0.055,0.055
94880,1.127,0.103,0.074,0.074
94900,1.083,0.065,0.085,0.085
94920,1.075,0.062,0.095,0.095
94941,1.039,0.025,0.093,0.093
94961,0.998,-0.024,0.091,0.091
94981,1.044,0.020,0.090,0.090
95001,1.065,0.042,0.096,0.096
95022,1.057,0.006,0.094,0.094
95042,1.199,0.102,0.112,0.112
95062,1.304,0.228,0.153,0.153
95082,1.257,0.213,0.191,0.191
95103,1.195,0.165,0.221,0.221
95123,1.146,0.108,0.237,0.237
95143,1.150,0.073,0.246,0.246
95163,1.111,0.037,0.241,0.241
95184,1.080,0.036,0.236,0.236
95205,1.035,0.012,0.232,0.232
95225,0.959,-0.061,0.215,0.215
95245,0.972,-0.047,0.202,0.202
95266,1.130,0.086,0.215,0.215
95286,1.202,0.131,0.236,0.236
95307,1.152,0.092,0.250,0.250
95327,1.100,0.068,0.258,0.258
95348,1.087,0.068,0.267,0.267
95368,1.116,0.061,0.273,0.273
95388,1.090,0.023,0.268,0.268
95408,1.044,0.001,0.262,0.262
95429,1.061,0.039,0.257,0.257
95449,1.097,0.067,0.265,0.265
95469,1.100,0.047,0.268,0.268
95489,1.077,0.024,0.263,0.263
95510,1.068,0.021,0.258,0.258
95530,1.061,0.025,0.253,0.253
95550,1.060,0.027,0.248,0.248
95570,1.093,0.038,0.243,0.243
95591,1.088,0.024,0.238,0.238
95611,1.040,-0.013,0.233,0.233
95631,1.040,-0.007,0.228,0.228
95651,1.028,-0.013,0.224,0.224
95672,1.021,-0.024,0.219,0.219
95692,1.052,0.008,0.215,0.215
95712,1.068,0.038,0.211,0.211
95732,1.048,0.024,0.206,0.206
95753,1.078,0.034,0.202,0.202
95773,1.125,0.066,0.211,0.211
95793,1.168,0.118,0.229,0.229
95813,1.164,0.114,0.247,0.247
95834,1.190,0.138,0.270,0.270
95855,1.304,0.253,0.315,0.315
95875,1.411,0.382,0.383,0.383
95895,1.577,0.544,0.480,0.480
95916,1.859,0.768,0.625,0.625
95936,2.047,0.876,0.781,0.781
95957,2.061,0.879,0.943,0.943
95977,2.015,0.869,1.091,1.091
95998,1.922,0.807,1.232,1.232
96018,1.824,0.719,1.346,1.346
96038,1.758,0.657,1.445,1.445
96058,1.344,0.294,1.473,1.473
96079,1.042,0.007,1.443,1.443
96099,1.005,-0.074,1.400,1.400
96119,0.799,-0.255,1.323,1.323
96139,0.401,-0.592,1.183,1.183
96160,0.226,-0.944,0.969,0.969
96180,0.430,-0.944,0.768,0.768
96200,0.445,-0.722,0.614,0.614
96220,0.552,-0.696,0.468,0.468
96241,0.451,-0.892,0.278,0.278
96261,0.376,-1.173,0.047,0.047
96281,0.393,-1.314,-0.179,0.000
96301,0.258,-1.111,-0.337,0.000
96322,0.308,-0.814,-0.429,0.000
96342,0.684,-0.448,-0.440,0.000
96362,1.241,-0.008,-0.374,0.000
96382,1.847,0.560,-0.224,0.000
96403,1.635,0.657,-0.076,0.000
96423,1.515,0.265,-0.020,0.000
96443,1.008,-0.415,-0.086,0.000
96463,0.638,-0.555,-0.166,0.000
96484,1.267,-0.113,-0.161,0.000
96504,1.692,0.288,-0.089,0.000
96524,1.503,0.247,-0.034,0.000
96544,0.989,-0.040,-0.029,0.000
96565,0.825,-0.156,-0.052,0.000
96585,0.938,-0.078,-0.057,0.000
96605,0.977,-0.037,-0.049,0.000
96625,0.966,-0.092,-0.057,0.000
96646,0.954,-0.176,-0.079,0.000
96666,0.836,-0.261,-0.111,0.000
96686,0.751,-0.285,-0.142,0.000
96706,0.816,-0.199,-0.154,0.000
96727,0.906,-0.106,-0.149,0.000
96747,0.897,-0.109,-0.145,0.000
96767,0.912,-0.095,-0.139,0.000
96787,0.933,-0.097,-0.134,0.000
96808,0.853,-0.185,-0.147,0.000
96828,0.739,-0.285,-0.172,0.000
96848,0.703,-0.312,-0.198,0.000
96868,0.769,-0.244,-0.209,0.000
96889,0.925,-0.090,-0.194,0.000
96909,1.028,0.008,-0.165,0.000
96929,0.955,-0.058,-0.150,0.000
96949,0.894,-0.104,-0.145,0.000
96970,0.941,-0.059,-0.133,0.000
96990,1.043,0.033,-0.113,0.000
97010,1.195,0.178,-0.067,0.000
97030,1.257,0.242,-0.016,0.000
97051,1.242,0.246,0.034,0.034
97071,1.146,0.144,0.061,0.061
97091,1.036,0.021,0.060,0.060
97111,1.077,0.065,0.071,0.071
97132,1.059,0.040,0.078,0.078
97152,1.050,0.033,0.076,0.076
97172,1.082,0.068,0.088,0.088
97192,1.140,0.129,0.111,0.111
97213,1.139,0.131,0.135,0.135
97233,1.075,0.066,0.145,0.145
97254,1.041,0.036,0.142,0.142
97274,0.989,-0.009,0.139,0.139
97295,0.947,-0.054,0.125,0.125
97315,0.968,-0.042,0.115,0.115
97335,0.977,-0.029,0.113,0.113
97355,0.992,-0.018,0.110,0.110
97376,1.035,0.012,0.108,0.108
97396,1.006,-0.009,0.106,0.106
97416,0.934,-0.071,0.090,0.090
97436,0.910,-0.089,0.071,0.071
97457,0.938,-0.069,0.056,0.056
97477,1.016,-0.018,0.055,0.055
97497,1.150,0.102,0.073,0.073
97517,1.253,0.206,0.111,0.111
97538,1.249,0.188,0.147,0.147
97558,1.171,0.122,0.168,0.168
97578,1.138,0.077,0.179,0.179
97598,1.149,0.069,0.189,0.189
97619,1.143,0.087,0.203,0.203
97639,1.142,0.119,0.221,0.221
97659,1.088,0.068,0.230,0.230
97679,0.987,-0.051,0.216,0.216
97700,0.956,-0.080,0.195,0.195
97720,1.055,0.016,0.191,0.191
97740,1.134,0.081,0.203,0.203
97760,1.115,0.071,0.213,0.213
97781,1.043,-0.001,0.208,0.208
97801,1.042,-0.009,0.204,0.204
97821,1.055,0.020,0.200,0.200
97841,1.051,0.021,0.196,0.196
97862,1.004,-0.031,0.192,0.192
97882,0.997,-0.037,0.188,0.188
97902,1.043,0.018,0.185,0.185
97922,1.060,0.036,0.181,0.181
97943,1.040,0.007,0.177,0.177
97963,1.035,-0.004,0.174,0.174
97983,1.082,0.045,0.179,0.179
98003,1.138,0.102,0.195,0.195
98024,1.118,0.073,0.206,0.206
98044,1.051,0.006,0.202,0.202
98064,1.057,0.018,0.198,0.198
98084,1.106,0.047,0.203,0.203
98105,1.102,0.047,0.208,0.208
98125,1.078,0.046,0.213,0.213
98145,1.073,0.049,0.218,0.218
98165,1.099,0.044,0.222,0.222
98186,1.096,0.019,0.218,0.218
98207,1.054,0.002,0.213,0.213
98227,1.041,0.005,0.209,0.209
98247,1.028,-0.006,0.205,0.205
98268,1.005,-0.028,0.201,0.201
98288,1.048,-0.002,0.197,0.197
98308,1.099,0.035,0.193,0.193
98328,1.053,0.008,0.189,0.189
98349,1.014,-0.015,0.185,0.185
98369,1.028,-0.004,0.181,0.181
98389,1.038,-0.004,0.178,0.178
98409,1.040,-0.011,0.174,0.174
98430,1.132,0.081,0.187,0.187
98450,1.210,0.157,0.213,0.213
98470,1.266,0.220,0.251,0.251
98490,1.344,0.299,0.304,0.304
98511,1.433,0.361,0.371,0.371
98531,1.595,0.492,0.458,0.458
98551,1.771,0.659,0.575,0.575
98571,1.919,0.797,0.717,0.717
98592,2.139,1.004,0.906,0.906
98612,2.221,1.108,1.101,1.101
98632,2.093,1.026,1.276,1.276
98652,2.072,0.980,1.439,1.439
98673,2.050,0.888,1.589,1.589
98693,1.871,0.701,1.692,1.692
98713,1.591,0.458,1.746,1.746
98733,1.183,0.089,1.729,1.729
98754,0.725,-0.300,1.633,1.633
98774,0.388,-0.658,1.474,1.474
98794,0.162,-1.090,1.235,1.235
98814,0.438,-1.345,0.952,0.952
98835,0.504,-1.096,0.712,0.712
98855,0.490,-0.864,0.531,0.531
98875,0.347,-0.862,0.355,0.355
98895,0.274,-1.027,0.150,0.150
98916,0.436,-1.171,-0.077,0.000
98936,0.404,-1.091,-0.248,0.000
98956,0.190,-0.830,-0.349,0.000
98976,0.416,-0.601,-0.397,0.000
98997,0.730,-0.343,-0.397,0.000
99017,1.062,-0.063,-0.348,0.000
99037,1.235,0.111,-0.278,0.000
99057,1.234,0.169,-0.208,0.000
99078,1.052,0.053,-0.168,0.000
99098,0.869,-0.108,-0.160,0.000
99118,0.889,-0.098,-0.153,0.000
99138,1.120,0.075,-0.117,0.000
99159,1.307,0.207,-0.063,0.000
99179,1.167,0.099,-0.037,0.000
99199,1.063,0.024,-0.032,0.000
99219,1.011,-0.013,-0.027,0.000
99240,0.989,-0.030,-0.023,0.000
99260,1.020,-0.003,-0.019,0.000
99280,1.022,-0.011,-0.017,0.000
99300,0.955,-0.077,-0.027,0.000
99321,0.834,-0.198,-0.057,0.000
99341,0.750,-0.298,-0.099,0.000
99361,0.718,-0.339,-0.140,0.000
99381,0.717,-0.319,-0.172,0.000
99402,0.748,-0.284,-0.196,0.000
99422,0.792,-0.274,-0.212,0.000
99442,0.764,-0.302,-0.231,0.000
99462,0.751,-0.314,-0.249,0.000
99483,0.762,-0.315,-0.267,0.000
99504,0.719,-0.316,-0.282,0.000
99524,0.752,-0.284,-0.287,0.000
99544,0.802,-0.216,-0.280,0.000
99565,0.958,-0.058,-0.248,0.000
99585,1.140,0.104,-0.194,0.000
99605,1.153,0.081,-0.151,0.000
99625,0.981,-0.078,-0.141,0.000
99646,0.806,-0.210,-0.157,0.000
99666,0.954,-0.046,-0.141,0.000
99686,1.070,0.017,-0.120,0.000
99706,1.057,-0.027,-0.102,0.000
99727,1.054,-0.013,-0.087,0.000
99747,1.047,-0.008,-0.074,0.000
99767,1.048,0.009,-0.063,0.000
99787,1.065,0.041,-0.046,0.000
99808,1.078,0.070,-0.027,0.000
99828,1.121,0.058,-0.013,0.000
99848,1.195,0.097,0.006,0.006
99868,1.218,0.154,0.035,0.035
99889,1.239,0.188,0.072,0.072
99909,1.183,0.117,0.093,0.093
99929,1.072,0.025,0.091,0.091
99949,1.082,0.067,0.102,0.102
99970,1.170,0.172,0.135,0.135
99990,1.135,0.140,0.159,0.159
100010,1.091,0.064,0.168,0.168
100030,1.092,0.052,0.175,0.175
100051,1.148,0.108,0.193,0.193
100071,1.206,0.158,0.220,0.220
100091,1.257,0.194,0.253,0.253
100111,1.231,0.171,0.281,0.281
100132,1.164,0.133,0.302,0.302
100152,1.164,0.134,0.322,0.322
100172,1.173,0.155,0.345,0.345
100192,1.135,0.121,0.362,0.362
100213,1.083,0.057,0.366,0.366
100233,1.047,0.030,0.359,0.359
100253,1.151,0.129,0.376,0.376
100273,1.226,0.182,0.404,0.404
100294,1.172,0.137,0.423,0.423
100314,1.118,0.097,0.433,0.433
100334,1.098,0.071,0.438,0.438
100354,1.094,0.051,0.439,0.439
100375,1.062,0.035,0.431,0.431
100395,1.075,0.058,0.433,0.433
100423,1.125,0.086,0.448,0.448
100443,1.057,0.024,0.439,0.439
100464,0.991,-0.020,0.430,0.430
100484,0.958,-0.059,0.410,0.410
100504,1.003,-0.032,0.402,0.402
100524,1.060,0.020,0.394,0.394
100545,1.089,0.053,0.397,0.397
100565,1.058,0.038,0.389,0.389
100585,0.992,-0.018,0.381,0.381
100605,0.954,-0.051,0.363,0.363
100626,0.995,-0.021,0.356,0.356
100646,1.026,-0.006,0.349,0.349
100666,1.060,0.010,0.342,0.342
100686,1.098,0.046,0.344,0.344
100707,1.051,0.034,0.337,0.337
100727,1.034,0.018,0.330,0.330
100747,1.020,-0.011,0.324,0.324
100767,1.037,0.000,0.317,0.317
100788,1.107,0.070,0.325,0.325
100808,1.169,0.137,0.345,0.345
100828,1.299,0.245,0.385,0.385
100848,1.497,0.425,0.459,0.459
100869,1.642,0.584,0.568,0.568
100889,1.769,0.710,0.693,0.693
100910,1.924,0.847,0.850,0.850
100930,2.088,1.016,1.028,1.028
100951,2.278,1.171,1.244,1.244
100971,2.441,1.290,1.467,1.467
100991,2.364,1.211,1.671,1.671
101011,2.090,0.955,1.821,1.821
101032,1.701,0.601,1.906,1.906
101052,1.337,0.291,1.924,1.924
101072,1.124,0.117,1.908,1.908
101092,0.983,-0.003,1.870,1.870
101113,0.807,-0.262,1.779,1.779
101133,0.603,-0.522,1.643,1.643
101153,0.535,-0.847,1.448,1.448
101173,0.538,-1.144,1.199,1.199
101194,0.338,-1.218,0.929,0.929
101214,0.287,-1.214,0.677,0.677
101234,0.303,-1.219,0.429,0.429
101254,0.209,-1.161,0.197,0.197
101275,0.462,-1.043,-0.015,0.000
101295,0.425,-0.792,-0.145,0.000
101315,0.483,-0.525,-0.210,0.000
101335,0.858,-0.366,-0.240,0.000
101356,0.735,-0.376,-0.270,0.000
101376,1.168,-0.228,-0.267,0.000
101396,1.643,0.143,-0.203,0.000
101416,1.313,0.206,-0.138,0.000
101437,1.095,0.100,-0.100,0.000
101458,1.084,0.074,-0.072,0.000
101478,1.226,0.217,-0.025,0.000
101498,1.347,0.234,0.020,0.020
101519,1.114,-0.067,0.006,0.006
101539,0.820,-0.383,-0.059,0.000
101559,0.719,-0.457,-0.126,0.000
101579,0.698,-0.365,-0.168,0.000
101600,0.726,-0.267,-0.190,0.000
101620,0.714,-0.272,-0.206,0.000
101640,0.721,-0.274,-0.221,0.000
101660,0.763,-0.240,-0.228,0.000
101681,0.773,-0.295,-0.245,0.000
101706,0.638,-0.498,-0.312,0.000
101726,0.700,-0.428,-0.337,0.000
101746,0.898,-0.166,-0.314,0.000
101767,1.046,0.035,-0.267,0.000
101787,1.030,0.030,-0.227,0.000
101808,1.028,0.026,-0.193,0.000
101828,1.081,0.068,-0.153,0.000
101849,1.130,0.093,-0.113,0.000
101869,1.037,0.008,-0.096,0.000
101889,0.891,-0.154,-0.108,0.000
101909,1.030,-0.061,-0.102,0.000
101930,1.278,0.165,-0.057,0.000
101950,1.352,0.294,0.000,0.000
101970,1.173,0.157,0.030,0.030
101990,0.990,-0.044,0.021,0.021
102011,0.886,-0.167,-0.011,0.000
102031,0.942,-0.124,-0.030,0.000
102051,1.029,-0.055,-0.035,0.000
102071,1.059,0.028,-0.030,0.000
102092,1.018,0.029,-0.025,0.000
102112,1.013,-0.004,-0.021,0.000
102132,1.079,0.043,-0.011,0.000
102152,1.149,0.128,0.014,0.014
102173,1.123,0.099,0.034,0.034
102193,1.100,0.084,0.049,0.049
102213,1.189,0.147,0.076,0.076
102233,1.314,0.246,0.122,0.122
102254,1.276,0.236,0.167,0.167
102274,1.270,0.227,0.208,0.208
102294,1.403,0.342,0.269,0.269
102314,1.547,0.515,0.363,0.363
102335,1.624,0.628,0.482,0.482
102355,1.693,0.676,0.602,0.602
102375,1.821,0.715,0.728,0.728
102395,1.805,0.694,0.847,0.847
102416,1.641,0.536,0.938,0.938
102436,1.396,0.251,0.968,0.968
102456,1.116,0.004,0.948,0.948
102476,0.896,-0.106,0.909,0.909
102497,0.979,-0.034,0.891,0.891
102517,1.239,0.128,0.898,0.898
102537,1.176,0.082,0.895,0.895
102557,0.933,-0.118,0.855,0.855
102578,0.772,-0.285,0.780,0.780
102598,0.613,-0.411,0.685,0.685
102618,0.496,-0.483,0.579,0.579
102638,0.504,-0.552,0.461,0.461
102659,0.563,-0.597,0.331,0.331
102679,0.683,-0.488,0.231,0.231
102699,0.778,-0.337,0.161,0.161
102719,0.839,-0.250,0.110,0.110
102740,0.988,-0.150,0.078,0.078
102760,1.167,-0.088,0.059,0.059
102780,1.329,-0.012,0.058,0.058
102800,1.366,0.060,0.068,0.068
102821,1.146,-0.071,0.053,0.053
102841,0.897,-0.285,-0.003,0.000
102861,0.749,-0.445,-0.077,0.000
102881,0.815,-0.400,-0.132,0.000
102902,0.958,-0.246,-0.155,0.000
102922,1.005,-0.168,-0.160,0.000
102942,0.948,-0.190,-0.168,0.000
102962,0.902,-0.229,-0.181,0.000
102983,0.963,-0.212,-0.191,0.000
103004,1.059,-0.142,-0.187,0.000
103024,1.099,-0.115,-0.178,0.000
103044,1.092,-0.132,-0.173,0.000
103065,0.979,-0.224,-0.187,0.000
103085,0.872,-0.297,-0.208,0.000
103105,0.815,-0.331,-0.232,0.000
103125,0.819,-0.315,-0.250,0.000
103146,0.803,-0.310,-0.267,0.000
103166,0.814,-0.322,-0.280,0.000
103186,0.947,-0.233,-0.277,0.000
103206,1.020,-0.171,-0.264,0.000
103227,1.030,-0.163,-0.253,0.000
103247,0.996,-0.197,-0.248,0.000
103267,0.932,-0.263,-0.255,0.000
103287,0.917,-0.305,-0.267,0.000
103308,0.921,-0.368,-0.292,0.000
103328,0.927,-0.402,-0.315,0.000
103348,0.997,-0.348,-0.326,0.000
103368,1.110,-0.257,-0.320,0.000
103389,1.180,-0.200,-0.307,0.000
103409,1.251,-0.147,-0.285,0.000
103429,1.275,-0.132,-0.265,0.000
103449,1.231,-0.190,-0.257,0.000
103470,1.171,-0.265,-0.264,0.000
103490,1.080,-0.333,-0.280,0.000
103510,0.999,-0.397,-0.304,0.000
103530,0.962,-0.437,-0.332,0.000
103551,0.999,-0.415,-0.355,0.000
103571,1.044,-0.385,-0.366,0.000
103591,1.050,-0.364,-0.371,0.000
103611,0.993,-0.389,-0.381,0.000
103632,0.873,-0.477,-0.407,0.000
103652,0.856,-0.497,-0.429,0.000
103672,0.883,-0.493,-0.447,0.000
103692,0.946,-0.451,-0.455,0.000
103713,1.020,-0.364,-0.451,0.000
103733,0.975,-0.387,-0.448,0.000
103753,0.902,-0.465,-0.458,0.000
103773,0.905,-0.481,-0.469,0.000
103794,0.881,-0.510,-0.488,0.000
103814,0.874,-0.531,-0.500,0.000
103834,0.910,-0.517,-0.500,0.000
103854,0.944,-0.510,-0.500,0.000
103875,0.980,-0.507,-0.500,0.000
103895,1.054,-0.456,-0.500,0.000
103915,1.096,-0.411,-0.494,0.000
103935,1.103,-0.400,-0.486,0.000
103956,1.045,-0.474,-0.496,0.000
103976,1.026,-0.528,-0.500,0.000
103996,1.082,-0.498,-0.500,0.000
104016,1.083,-0.478,-0.500,0.000
104037,1.039,-0.511,-0.500,0.000
104058,0.958,-0.578,-0.500,0.000
104078,0.928,-0.636,-0.500,0.000
104098,0.969,-0.605,-0.500,0.000
104119,0.995,-0.563,-0.500,0.000
104139,0.978,-0.587,-0.500,0.000
104159,1.034,-0.538,-0.500,0.000
104179,1.070,-0.503,-0.500,0.000
104200,1.081,-0.493,-0.500,0.000
104220,1.024,-0.563,-0.500,0.000
104240,0.942,-0.641,-0.500,0.000
104260,0.927,-0.662,-0.500,0.000
104281,1.070,-0.574,-0.500,0.000
104301,1.130,-0.562,-0.500,0.000
104321,1.139,-0.550,-0.500,0.000
104341,1.194,-0.450,-0.500,0.000
104362,1.180,-0.449,-0.500,0.000
104382,1.114,-0.500,-0.500,0.000
104402,1.035,-0.572,-0.500,0.000
104422,0.977,-0.642,-0.500,0.000
104443,0.935,-0.665,-0.500,0.000
104463,0.954,-0.639,-0.500,0.000
104483,1.059,-0.537,-0.500,0.000
104503,1.112,-0.523,-0.500,0.000
104524,1.115,-0.539,-0.500,0.000
104544,1.088,-0.571,-0.500,0.000
104564,1.033,-0.636,-0.500,0.000
104584,1.024,-0.645,-0.500,0.000
104605,1.003,-0.649,-0.500,0.000
104625,1.032,-0.570,-0.500,0.000
104645,1.046,-0.556,-0.500,0.000
104665,1.008,-0.599,-0.500,0.000
104686,1.006,-0.608,-0.500,0.000
104707,1.004,-0.587,-0.500,0.000
104727,0.940,-0.639,-0.500,0.000
104747,0.926,-0.636,-0.500,0.000
104768,0.992,-0.636,-0.500,0.000
104788,1.069,-0.619,-0.500,0.000
104808,1.088,-0.618,-0.500,0.000
104828,1.102,-0.589,-0.500,0.000
104849,1.094,-0.570,-0.500,0.000
104869,1.046,-0.602,-0.500,0.000
104889,1.011,-0.628,-0.500,0.000
104909,1.002,-0.639,-0.500,0.000
104930,1.002,-0.620,-0.500,0.000
104950,0.982,-0.618,-0.500,0.000
104970,0.976,-0.629,-0.500,0.000
104990,0.998,-0.616,-0.500,0.000
105011,1.010,-0.607,0.000,0.000
105031,1.009,-0.455,0.000,0.000
105051,1.000,-0.327,0.000,0.000
105071,1.009,-0.218,0.000,0.000
105092,1.040,-0.103,-0.018,0.000
105112,1.056,-0.081,-0.029,0.000
105132,1.093,-0.042,-0.031,0.000
105152,1.093,-0.045,-0.034,0.000
105173,1.028,-0.115,-0.049,0.000
105193,0.985,-0.162,-0.069,0.000
105213,1.001,-0.139,-0.082,0.000
105233,1.015,-0.135,-0.092,0.000
105254,1.001,-0.156,-0.105,0.000
105274,1.011,-0.138,-0.113,0.000
105294,1.027,-0.115,0.000,0.000
105314,1.028,-0.037,0.000,0.000
105335,1.041,0.033,0.000,0.000
105355,1.023,0.015,0.000,0.000
105375,0.984,-0.033,0.000,0.000
105395,0.997,-0.013,0.000,0.000
105416,0.990,-0.016,0.000,0.000
105436,0.982,-0.032,0.000,0.000
105456,1.006,-0.008,0.000,0.000
105476,1.037,0.022,0.000,0.000
105497,1.028,0.049,0.000,0.000
105517,1.010,0.048,0.000,0.000
105537,1.000,0.053,0.000,0.000
105557,1.001,0.071,0.000,0.000
105578,1.020,0.105,0.000,0.000
105598,1.010,0.098,0.000,0.000
105618,0.986,0.069,0.000,0.000
108413,0.944,-0.070,-0.012,0.000
108433,1.014,-0.005,-0.010,0.000
108453,1.098,0.088,0.007,0.007
108473,1.126,0.116,0.029,0.029
108494,1.033,0.028,0.028,0.028
108514,0.992,-0.018,0.028,0.028
108534,1.002,-0.011,0.027,0.027
108554,1.000,-0.022,0.027,0.027
108575,0.957,-0.068,0.012,0.012
108595,0.973,-0.046,0.003,0.003
108615,1.013,-0.012,0.003,0.003
108635,1.064,0.041,0.011,0.011
108656,0.961,-0.082,-0.005,0.000
108676,0.974,-0.066,-0.015,0.000
108696,1.029,0.008,-0.013,0.000
108716,0.964,-0.048,-0.019,0.000
108737,1.010,0.005,-0.016,0.000
108757,1.270,0.256,0.033,0.033
108777,1.444,0.431,0.116,0.116
108797,1.385,0.378,0.186,0.186
108818,1.153,0.145,0.212,0.212
108838,1.022,0.010,0.207,0.207
108858,1.028,0.021,0.203,0.203
108878,1.122,0.117,0.222,0.222
108899,1.175,0.170,0.251,0.251
108919,1.100,0.094,0.264,0.264
BLE disconnected -> IDLE MODE
