BLE connected -> ACTIVE MODE
28657,1.022,-0.018,0.000,0.000
28677,1.021,-0.022,0.000,0.000
28698,1.002,-0.040,-0.008,0.000
28718,0.993,-0.049,-0.017,0.000
28738,1.003,-0.041,-0.025,0.000
28758,0.998,-0.045,-0.033,0.000
28778,0.990,-0.050,-0.042,0.000
28798,1.006,-0.033,-0.041,0.000
28818,1.020,-0.018,-0.040,0.000
28838,1.010,-0.026,-0.039,0.000
28858,0.991,-0.049,0.000,0.000
28878,0.986,-0.045,0.000,0.000
28898,0.997,-0.023,0.000,0.000
28918,1.002,-0.011,0.000,0.000
28938,1.000,-0.010,0.000,0.000
28958,0.996,-0.011,0.000,0.000
28978,1.013,0.010,0.000,0.000
28998,1.034,0.033,0.000,0.000
29018,1.024,0.019,0.000,0.000
29038,0.996,-0.009,0.000,0.000
29058,1.002,-0.000,0.000,0.000
29078,1.007,0.005,0.000,0.000
29098,1.001,-0.001,0.000,0.000
29118,1.013,0.011,0.000,0.000
29138,1.017,0.014,0.000,0.000
29158,1.010,0.007,0.000,0.000
29178,0.997,-0.006,0.000,0.000
29198,0.992,-0.010,0.000,0.000
29218,1.001,-0.000,0.000,0.000
29238,1.017,0.016,0.000,0.000
29258,1.016,0.013,0.000,0.000
29278,1.014,0.010,0.000,0.000
29299,1.042,0.038,0.000,0.000
29320,1.062,0.054,0.011,0.011
29341,1.032,0.024,0.011,0.011
29362,1.027,0.019,0.010,0.010
29382,1.018,0.010,0.010,0.010
29404,0.998,-0.011,0.010,0.010
29424,0.991,-0.018,0.010,0.010
29445,0.991,-0.017,0.010,0.010
29465,1.000,-0.008,0.009,0.009
29487,1.009,0.001,0.009,0.009
29507,1.018,0.009,0.009,0.009
29527,1.030,0.022,0.009,0.009
29547,1.033,0.025,0.000,0.000
29567,1.028,0.016,0.000,0.000
29587,1.024,0.010,0.000,0.000
29607,1.029,0.014,0.000,0.000
29627,1.026,0.011,0.000,0.000
29647,1.014,-0.002,0.000,0.000
29667,1.017,0.001,0.000,0.000
29687,1.032,0.016,0.000,0.000
29707,1.035,0.017,0.000,0.000
29727,1.022,0.002,0.000,0.000
29747,1.013,-0.006,0.000,0.000
29767,1.009,-0.010,0.000,0.000
29787,1.003,-0.014,0.000,0.000
29807,1.025,0.009,0.000,0.000
29827,1.046,0.029,0.000,0.000
29847,1.027,0.007,0.000,0.000
29867,0.998,-0.024,0.000,0.000
29887,0.981,-0.038,0.000,0.000
29907,0.980,-0.035,0.000,0.000
29927,1.004,-0.007,0.000,0.000
29948,1.026,0.016,0.000,0.000
29969,1.019,0.007,0.000,0.000
29989,0.999,-0.014,0.000,0.000
30009,0.979,-0.032,0.000,0.000
30029,0.971,-0.037,0.000,0.000
30050,1.029,0.024,0.000,0.000
30070,1.047,0.040,0.000,0.000
30090,1.025,0.015,0.000,0.000
30110,1.002,-0.011,0.000,0.000
30131,0.985,-0.026,0.000,0.000
30151,0.993,-0.017,0.000,0.000
30171,1.008,0.000,0.000,0.000
30193,1.022,0.014,0.000,0.000
30214,1.042,0.034,0.000,0.000
30243,1.067,0.055,0.015,0.015
30263,1.048,0.036,0.015,0.015
30284,1.024,0.013,0.015,0.015
30304,1.004,-0.008,0.014,0.014
30324,0.991,-0.020,0.014,0.014
30344,0.989,-0.024,0.014,0.014
30365,0.997,-0.017,0.014,0.014
30385,1.007,-0.006,0.013,0.013
30405,1.002,-0.011,0.013,0.013
30425,0.994,-0.018,0.013,0.013
30446,0.994,-0.019,0.012,0.012
30466,1.000,-0.011,0.000,0.000
30486,1.015,0.004,0.000,0.000
30506,1.034,0.023,0.000,0.000
30527,1.041,0.027,0.000,0.000
30547,1.023,0.006,0.000,0.000
30567,1.020,0.003,0.000,0.000
30587,1.032,0.015,0.000,0.000
30608,1.027,0.008,0.000,0.000
30628,1.009,-0.011,0.000,0.000
30648,0.997,-0.022,0.000,0.000
30668,0.990,-0.027,0.000,0.000
30689,1.000,-0.013,0.000,0.000
30709,1.011,-0.001,0.000,0.000
30729,1.002,-0.010,0.000,0.000
30749,0.983,-0.028,0.000,0.000
30770,0.980,-0.029,0.000,0.000
30790,1.000,-0.006,0.000,0.000
30810,1.008,0.003,0.000,0.000
30830,0.999,-0.006,0.000,0.000
30851,0.997,-0.008,0.000,0.000
30871,1.000,-0.004,0.000,0.000
30891,1.014,0.011,0.000,0.000
30911,1.035,0.031,0.000,0.000
30932,1.040,0.033,0.000,0.000
30952,1.037,0.026,0.000,0.000
30972,1.017,0.003,0.000,0.000
30992,1.006,-0.007,0.000,0.000
31013,1.015,0.002,0.000,0.000
31033,1.012,-0.002,0.000,0.000
31053,1.007,-0.006,0.000,0.000
31073,1.009,-0.004,0.000,0.000
31094,1.010,-0.002,0.000,0.000
31114,1.023,0.011,0.000,0.000
31134,1.025,0.012,0.000,0.000
31154,0.999,-0.016,0.000,0.000
31175,0.990,-0.022,0.000,0.000
31195,1.016,0.005,0.000,0.000
31215,1.027,0.016,0.000,0.000
31235,1.026,0.013,0.000,0.000
31256,1.016,0.002,0.000,0.000
31276,1.011,-0.003,0.000,0.000
31296,1.022,0.008,0.000,0.000
31316,1.033,0.019,0.000,0.000
31337,1.033,0.016,0.000,0.000
31357,1.012,-0.006,0.000,0.000
31377,0.999,-0.018,0.000,0.000
31397,1.004,-0.012,0.000,0.000
31418,1.014,-0.000,0.000,0.000
31438,1.007,-0.007,0.000,0.000
31463,1.005,-0.009,0.000,0.000
31483,1.009,-0.004,0.000,0.000
31504,1.001,-0.012,0.000,0.000
31524,0.992,-0.019,0.000,0.000
31544,1.004,-0.006,0.000,0.000
31564,1.011,0.002,0.000,0.000
31585,1.020,0.011,0.000,0.000
31605,1.029,0.019,0.000,0.000
31625,1.031,0.019,0.000,0.000
31645,1.038,0.024,0.000,0.000
31666,1.030,0.014,0.000,0.000
31686,1.015,-0.003,0.000,0.000
31706,1.003,-0.015,0.000,0.000
31726,1.002,-0.015,0.000,0.000
31747,0.988,-0.027,0.000,0.000
31767,0.988,-0.024,0.000,0.000
31787,1.011,0.002,0.000,0.000
31807,1.024,0.014,0.000,0.000
31828,1.022,0.011,0.000,0.000
31848,1.019,0.007,0.000,0.000
31868,1.011,-0.002,0.000,0.000
31888,1.004,-0.008,0.000,0.000
31909,1.022,0.010,0.000,0.000
31929,1.042,0.029,0.000,0.000
31949,1.036,0.020,0.000,0.000
31969,1.017,-0.001,0.000,0.000
31990,0.996,-0.023,0.000,0.000
32010,0.995,-0.020,0.000,0.000
32030,1.013,-0.001,0.000,0.000
32050,1.012,-0.002,0.000,0.000
32071,1.005,-0.008,0.000,0.000
32092,1.012,-0.001,0.000,0.000
32112,1.014,0.002,0.000,0.000
32132,1.006,-0.006,0.000,0.000
32153,1.005,-0.007,0.000,0.000
32173,1.000,-0.011,0.000,0.000
32193,0.989,-0.021,0.000,0.000
32213,0.994,-0.013,0.000,0.000
32234,1.014,0.007,0.000,0.000
32254,1.025,0.017,0.000,0.000
32274,1.018,0.009,0.000,0.000
32294,1.006,-0.004,0.000,0.000
32315,1.016,0.006,0.000,0.000
32335,1.026,0.015,0.000,0.000
32355,1.028,0.016,0.000,0.000
32375,1.023,0.010,0.000,0.000
32396,1.011,-0.003,0.000,0.000
32416,1.027,0.013,0.000,0.000
32436,1.028,0.013,0.000,0.000
32456,1.009,-0.007,0.000,0.000
32477,0.976,-0.039,0.000,0.000
32497,0.966,-0.046,0.000,0.000
32517,0.986,-0.022,0.000,0.000
32537,1.015,0.009,0.000,0.000
32558,1.041,0.034,0.000,0.000
32578,1.051,0.041,0.008,0.008
32598,1.034,0.024,0.008,0.008
32618,1.016,0.006,0.008,0.008
32639,1.002,-0.007,0.007,0.007
32659,0.987,-0.022,0.007,0.007
32679,0.987,-0.022,0.007,0.007
32699,0.993,-0.017,0.007,0.007
32720,1.001,-0.008,0.007,0.007
32740,1.022,0.012,0.007,0.007
32760,1.027,0.018,0.007,0.007
32780,1.024,0.014,0.006,0.006
32801,1.028,0.018,0.000,0.000
32821,1.018,0.007,0.000,0.000
32841,0.994,-0.018,0.000,0.000
32861,1.002,-0.008,0.000,0.000
32882,1.017,0.008,0.000,0.000
32902,1.002,-0.008,0.000,0.000
32922,1.002,-0.007,0.000,0.000
32942,1.013,0.004,0.000,0.000
32963,1.003,-0.007,0.000,0.000
32983,0.999,-0.009,0.000,0.000
33003,1.017,0.009,0.000,0.000
33023,1.021,0.011,0.000,0.000
33044,1.020,0.010,0.000,0.000
33064,1.036,0.025,0.000,0.000
33084,1.037,0.024,0.000,0.000
33104,1.005,-0.010,0.000,0.000
33125,0.997,-0.019,0.000,0.000
33145,0.986,-0.031,0.000,0.000
33165,0.967,-0.048,0.000,0.000
33185,0.966,-0.041,0.000,0.000
33206,0.979,-0.021,0.000,0.000
33226,0.979,-0.020,0.000,0.000
33246,0.984,-0.013,0.000,0.000
33266,1.009,0.013,0.000,0.000
33287,1.044,0.047,0.000,0.000
33307,1.070,0.068,0.013,0.013
33327,1.059,0.057,0.024,0.024
33347,1.046,0.044,0.032,0.032
33368,1.037,0.034,0.031,0.031
33388,1.047,0.045,0.039,0.039
33408,1.079,0.077,0.053,0.053
33428,1.095,0.094,0.070,0.070
33449,1.092,0.090,0.087,0.087
33469,1.093,0.090,0.102,0.102
33489,1.071,0.069,0.114,0.114
33509,1.010,0.009,0.111,0.111
33530,0.947,-0.057,0.098,0.098
33550,0.959,-0.049,0.086,0.086
33570,0.999,-0.009,0.084,0.084
33590,0.987,-0.018,0.083,0.083
33611,0.930,-0.076,0.066,0.066
33631,0.935,-0.071,0.051,0.051
33651,0.973,-0.032,0.050,0.050
33671,0.991,-0.013,0.049,0.049
33692,0.998,-0.008,0.048,0.048
33712,1.012,0.008,0.047,0.047
33732,1.055,0.048,0.055,0.055
33752,1.111,0.097,0.072,0.072
33773,1.106,0.088,0.089,0.089
33794,1.063,0.052,0.097,0.097
33814,1.021,0.014,0.096,0.096
33834,1.020,0.013,0.094,0.094
33855,1.057,0.047,0.101,0.101
33875,1.128,0.115,0.121,0.121
33895,1.158,0.140,0.146,0.146
33915,1.134,0.109,0.164,0.164
33936,1.062,0.051,0.171,0.171
33956,1.014,0.010,0.167,0.167
33976,0.999,-0.003,0.164,0.164
33996,1.049,0.045,0.169,0.169
34017,1.121,0.115,0.189,0.189
34037,1.110,0.103,0.205,0.205
34057,1.057,0.052,0.211,0.211
34077,0.993,-0.010,0.207,0.207
34098,0.974,-0.034,0.203,0.203
34118,1.019,0.002,0.199,0.199
34138,1.038,0.028,0.195,0.195
34158,0.997,-0.011,0.191,0.191
34179,1.054,0.052,0.197,0.197
34199,1.069,0.067,0.206,0.206
34219,1.068,0.065,0.215,0.215
34239,1.042,0.041,0.218,0.218
34260,1.059,0.057,0.226,0.226
34280,1.095,0.087,0.238,0.238
34300,1.047,0.037,0.233,0.233
34320,1.001,-0.008,0.228,0.228
34341,0.982,-0.023,0.224,0.224
34361,0.967,-0.035,0.219,0.219
34381,0.991,-0.013,0.215,0.215
34401,1.057,0.043,0.219,0.219
34422,1.120,0.095,0.234,0.234
34442,1.117,0.081,0.245,0.245
34462,1.066,0.034,0.240,0.240
34482,1.042,0.002,0.235,0.235
34503,1.153,0.100,0.250,0.250
34523,1.160,0.121,0.269,0.269
34543,1.138,0.099,0.282,0.282
34563,1.098,0.058,0.288,0.288
34584,1.143,0.103,0.303,0.303
34604,1.185,0.147,0.325,0.325
34624,1.138,0.102,0.338,0.338
34644,1.108,0.069,0.345,0.345
34665,1.084,0.055,0.349,0.349
34685,1.034,0.010,0.342,0.342
34705,1.028,0.003,0.335,0.335
34725,1.020,-0.007,0.328,0.328
34746,1.036,0.005,0.322,0.322
34766,1.068,0.038,0.315,0.315
34786,1.050,0.018,0.309,0.309
34806,0.996,-0.049,0.293,0.293
34827,0.942,-0.132,0.261,0.261
34847,0.896,-0.196,0.218,0.218
34867,0.872,-0.196,0.176,0.176
34887,0.976,-0.038,0.172,0.172
34908,1.117,0.115,0.192,0.192
34928,1.138,0.126,0.213,0.213
34948,0.976,-0.026,0.208,0.208
34968,0.872,-0.155,0.174,0.174
34989,0.841,-0.239,0.122,0.122
35009,0.852,-0.244,0.073,0.073
35029,0.856,-0.176,0.038,0.038
35049,0.811,-0.195,-0.000,0.000
35070,0.751,-0.275,-0.056,0.000
35090,0.804,-0.206,-0.094,0.000
35110,0.966,-0.041,-0.100,0.000
35130,1.069,0.042,-0.090,0.000
35151,1.030,-0.003,-0.089,0.000
35171,0.994,-0.019,-0.087,0.000
35191,1.041,0.033,-0.085,0.000
35211,1.046,0.043,-0.075,0.000
35232,1.018,0.015,-0.074,0.000
35252,0.988,-0.017,-0.072,0.000
35272,0.951,-0.062,-0.083,0.000
35294,0.959,-0.058,-0.093,0.000
35315,0.942,-0.065,-0.104,0.000
35335,0.995,-0.034,-0.102,0.000
35355,0.972,-0.041,-0.108,0.000
35375,1.012,0.010,-0.106,0.000
35396,1.026,0.024,-0.104,0.000
35416,1.009,-0.001,-0.102,0.000
35436,1.043,0.027,-0.100,0.000
35456,1.111,0.107,-0.077,0.000
35477,1.143,0.140,-0.047,0.000
35497,1.058,0.048,-0.037,0.000
35517,0.898,-0.114,-0.058,0.000
35537,0.805,-0.208,-0.097,0.000
35558,0.807,-0.204,-0.136,0.000
35578,0.937,-0.073,-0.147,0.000
35598,1.037,0.020,-0.145,0.000
35618,1.056,0.040,-0.134,0.000
35639,1.016,0.006,-0.131,0.000
35659,0.915,-0.091,-0.146,0.000
35679,0.910,-0.092,-0.161,0.000
35699,1.026,0.021,-0.158,0.000
35720,1.091,0.079,-0.138,0.000
35740,1.143,0.121,-0.112,0.000
35760,1.116,0.084,-0.094,0.000
35780,0.977,-0.043,-0.100,0.000
35801,0.884,-0.124,-0.123,0.000
35821,0.918,-0.091,-0.138,0.000
35841,0.925,-0.097,-0.154,0.000
35861,0.917,-0.108,-0.172,0.000
35882,0.945,-0.078,-0.184,0.000
35902,0.968,-0.053,-0.191,0.000
35922,0.949,-0.066,-0.200,0.000
35942,0.943,-0.067,-0.209,0.000
35963,0.982,-0.032,-0.205,0.000
35983,1.005,-0.013,-0.200,0.000
36003,0.999,-0.019,-0.196,0.000
36023,0.991,-0.023,-0.192,0.000
36044,1.016,0.001,-0.189,0.000
36064,1.009,-0.009,-0.185,0.000
36084,0.967,-0.060,-0.193,0.000
36104,0.964,-0.065,-0.201,0.000
36125,1.007,-0.020,-0.197,0.000
36145,1.066,0.046,-0.185,0.000
36165,1.139,0.118,-0.158,0.000
36185,1.134,0.116,-0.133,0.000
36206,1.040,0.022,-0.130,0.000
36226,0.973,-0.053,-0.138,0.000
36247,0.995,-0.043,-0.144,0.000
36267,1.061,0.015,-0.141,0.000
36288,1.064,0.024,-0.138,0.000
36308,0.977,-0.047,-0.144,0.000
36328,0.932,-0.083,-0.157,0.000
36348,0.966,-0.049,-0.163,0.000
36369,1.001,-0.016,-0.160,0.000
36389,1.057,0.031,-0.157,0.000
36409,1.162,0.121,-0.131,0.000
36429,1.196,0.151,-0.099,0.000
36450,1.045,0.021,-0.097,0.000
36470,0.859,-0.150,-0.124,0.000
36490,0.768,-0.235,-0.166,0.000
36510,0.795,-0.211,-0.204,0.000
36531,1.038,0.001,-0.200,0.000
36551,1.091,0.031,-0.196,0.000
36571,1.030,-0.001,-0.192,0.000
36591,0.969,-0.038,-0.188,0.000
36612,0.913,-0.090,-0.202,0.000
36632,0.860,-0.143,-0.226,0.000
36652,0.869,-0.139,-0.248,0.000
36672,0.904,-0.109,-0.264,0.000
36693,0.944,-0.076,-0.274,0.000
36713,0.984,-0.038,-0.269,0.000
36733,0.990,-0.032,-0.263,0.000
36753,0.972,-0.043,-0.266,0.000
36774,0.987,-0.026,-0.261,0.000
36794,1.004,-0.012,-0.256,0.000
36814,1.010,-0.009,-0.251,0.000
36834,0.973,-0.044,-0.254,0.000
36855,0.927,-0.086,-0.266,0.000
36875,0.919,-0.095,-0.279,0.000
36895,0.899,-0.117,-0.296,0.000
36915,0.879,-0.150,-0.319,0.000
36936,0.878,-0.159,-0.345,0.000
36956,0.930,-0.113,-0.360,0.000
36976,0.990,-0.051,-0.362,0.000
36997,1.040,-0.001,-0.355,0.000
37018,1.007,-0.035,-0.348,0.000
37038,0.947,-0.088,-0.358,0.000
37058,0.957,-0.083,-0.367,0.000
37078,0.925,-0.119,-0.382,0.000
37099,0.897,-0.158,-0.406,0.000
37119,0.888,-0.175,-0.432,0.000
37139,0.966,-0.081,-0.439,0.000
37159,1.082,0.043,-0.422,0.000
37180,1.149,0.112,-0.391,0.000
37200,1.047,0.014,-0.383,0.000
37220,1.038,0.001,-0.375,0.000
37240,1.059,0.022,-0.368,0.000
37261,1.077,0.040,-0.360,0.000
37281,1.100,0.061,-0.341,0.000
37301,1.147,0.109,-0.314,0.000
37321,1.137,0.093,-0.289,0.000
37342,1.084,0.039,-0.284,0.000
37362,1.058,0.014,-0.278,0.000
37382,1.012,-0.027,-0.272,0.000
37402,0.970,-0.069,-0.280,0.000
37423,1.007,-0.033,-0.275,0.000
37443,1.047,0.010,-0.269,0.000
37463,0.989,-0.048,-0.273,0.000
37483,0.938,-0.107,-0.288,0.000
37504,0.925,-0.129,-0.308,0.000
37524,0.925,-0.139,-0.329,0.000
37544,0.952,-0.105,-0.342,0.000
37564,1.002,-0.044,-0.344,0.000
37585,0.956,-0.095,-0.356,0.000
37605,0.939,-0.114,-0.371,0.000
37625,0.954,-0.097,-0.382,0.000
37645,1.024,-0.037,-0.375,0.000
37666,1.056,-0.005,-0.367,0.000
37686,1.020,-0.040,-0.360,0.000
37706,1.028,-0.043,-0.361,0.000
37726,1.057,-0.014,-0.354,0.000
37747,1.068,-0.005,-0.346,0.000
37767,1.069,-0.015,-0.340,0.000
37787,1.082,0.006,-0.333,0.000
37807,1.116,0.055,-0.316,0.000
37828,1.054,-0.009,-0.309,0.000
37848,0.978,-0.093,-0.321,0.000
37868,1.006,-0.074,-0.329,0.000
37888,0.991,-0.083,-0.338,0.000
37909,1.006,-0.076,-0.347,0.000
37929,1.037,-0.043,-0.348,0.000
37949,0.977,-0.089,-0.358,0.000
37969,1.006,-0.058,-0.362,0.000
37990,1.111,0.042,-0.346,0.000
38010,1.112,0.040,-0.339,0.000
38030,1.017,-0.071,-0.346,0.000
38050,0.934,-0.163,-0.371,0.000
38071,0.932,-0.160,-0.395,0.000
38092,0.986,-0.098,-0.407,0.000
38112,1.025,-0.049,-0.409,0.000
38132,1.054,-0.014,-0.400,0.000
38153,1.049,-0.030,-0.392,0.000
38173,1.023,-0.076,-0.399,0.000
38193,1.006,-0.071,-0.405,0.000
38213,1.017,-0.043,-0.405,0.000
38234,1.074,0.010,-0.397,0.000
38254,1.097,0.024,-0.389,0.000
38274,1.048,-0.040,-0.381,0.000
38294,1.030,-0.059,-0.385,0.000
38315,1.041,-0.034,-0.377,0.000
38335,1.055,-0.017,-0.370,0.000
38355,1.067,-0.010,-0.362,0.000
38375,1.006,-0.069,-0.368,0.000
38396,0.967,-0.107,-0.383,0.000
38416,1.008,-0.067,-0.388,0.000
38436,1.013,-0.061,-0.392,0.000
38456,1.026,-0.052,-0.394,0.000
38477,1.047,-0.043,-0.395,0.000
38497,1.010,-0.083,-0.403,0.000
38517,1.015,-0.064,-0.407,0.000
38537,1.109,0.035,-0.399,0.000
38558,1.257,0.190,-0.353,0.000
38578,1.313,0.240,-0.300,0.000
38598,1.508,0.391,-0.218,0.000
38618,1.725,0.559,-0.106,0.000
38639,1.795,0.593,0.015,0.015
38659,1.779,0.589,0.128,0.128
38679,1.878,0.757,0.271,0.271
38699,2.079,1.020,0.462,0.462
38720,2.206,1.156,0.686,0.686
38740,2.096,1.011,0.867,0.867
38760,1.973,0.867,1.016,1.016
38780,1.818,0.665,1.124,1.124
38801,1.241,0.112,1.124,1.124
38821,0.292,-0.772,0.953,0.953
38841,0.607,-1.240,0.695,0.695
38861,0.443,-1.189,0.453,0.453
38882,0.220,-0.843,0.274,0.274
38902,0.442,-0.651,0.143,0.143
38922,0.267,-0.779,-0.009,0.000
38942,0.138,-0.896,-0.182,0.000
38963,0.336,-0.803,-0.340,0.000
38983,0.343,-0.694,-0.467,0.000
39003,0.330,-0.721,-0.596,0.000
39023,0.412,-0.688,-0.716,0.000
39044,0.671,-0.359,-0.774,0.000
39064,1.119,0.116,-0.736,0.000
39084,1.384,0.364,-0.652,0.000
39104,1.362,0.305,-0.580,0.000
39125,1.115,0.075,-0.553,0.000
39146,0.911,-0.106,-0.564,0.000
39166,0.993,-0.050,-0.562,0.000
39186,1.079,0.050,-0.541,0.000
39207,1.141,0.118,-0.506,0.000
39227,1.106,0.057,-0.485,0.000
39247,0.999,-0.080,-0.491,0.000
39267,0.857,-0.207,-0.521,0.000
39288,0.812,-0.212,-0.553,0.000
39308,0.871,-0.149,-0.571,0.000
39328,0.991,-0.026,-0.560,0.000
39348,1.133,0.115,-0.526,0.000
39369,1.156,0.138,-0.488,0.000
39389,1.061,0.033,-0.478,0.000
39409,0.961,-0.065,-0.481,0.000
39429,0.939,-0.086,-0.488,0.000
39450,0.929,-0.102,-0.499,0.000
39470,0.924,-0.115,-0.511,0.000
39490,0.966,-0.075,-0.515,0.000
39510,0.991,-0.051,-0.515,0.000
39531,0.984,-0.056,-0.516,0.000
39551,0.965,-0.062,-0.517,0.000
39571,0.967,-0.057,-0.518,0.000
39591,0.984,-0.050,-0.517,0.000
39612,0.969,-0.071,-0.521,0.000
39632,0.954,-0.082,-0.526,0.000
39652,0.970,-0.056,-0.527,0.000
39672,0.996,-0.026,-0.516,0.000
39693,1.004,-0.018,-0.258,0.000
39713,0.968,-0.051,-0.129,0.000
39733,0.916,-0.097,-0.145,0.000
39753,0.871,-0.148,-0.171,0.000
39774,0.857,-0.162,-0.200,0.000
39794,0.901,-0.107,-0.217,0.000
39814,0.984,-0.022,-0.212,0.000
39834,1.030,0.019,-0.208,0.000
39855,0.994,-0.020,-0.204,0.000
39875,0.931,-0.078,-0.215,0.000
39895,0.907,-0.095,-0.229,0.000
39915,0.935,-0.064,-0.236,0.000
39936,0.932,-0.069,-0.246,0.000
39956,0.992,-0.016,-0.241,0.000
39976,1.012,-0.011,-0.236,0.000
39996,0.967,-0.050,-0.241,0.000
40017,0.947,-0.059,-0.248,0.000
40037,0.948,-0.057,-0.254,0.000
40057,0.959,-0.050,-0.258,0.000
40077,0.971,-0.047,-0.262,0.000
40098,1.014,-0.008,-0.257,0.000
40118,1.056,0.038,-0.252,0.000
40138,1.040,0.023,-0.247,0.000
40158,0.987,-0.038,-0.242,0.000
40179,0.956,-0.077,-0.253,0.000
40199,0.957,-0.073,-0.261,0.000
40219,0.977,-0.046,-0.265,0.000
40248,1.083,0.064,-0.242,0.000
40270,1.075,0.063,-0.224,0.000
40290,1.003,-0.010,-0.219,0.000
40310,1.005,-0.012,-0.215,0.000
40330,0.985,-0.038,-0.211,0.000
40351,0.939,-0.085,-0.224,0.000
40371,0.971,-0.053,-0.229,0.000
40391,1.031,0.002,-0.225,0.000
40411,1.080,0.043,-0.212,0.000
40432,1.002,-0.028,-0.208,0.000
40452,1.014,-0.017,-0.204,0.000
40472,1.010,-0.012,-0.199,0.000
40492,1.024,0.002,-0.195,0.000
40513,1.074,0.051,-0.181,0.000
40533,1.045,0.027,-0.178,0.000
40553,0.981,-0.039,-0.174,0.000
40573,1.034,0.011,-0.171,0.000
40594,1.048,0.022,-0.167,0.000
40614,1.051,0.027,-0.164,0.000
40634,1.099,0.067,-0.148,0.000
40654,1.032,-0.008,-0.145,0.000
40675,0.914,-0.129,-0.168,0.000
40695,0.919,-0.123,-0.188,0.000
40715,0.971,-0.058,-0.195,0.000
40735,1.065,0.040,-0.192,0.000
40756,1.065,0.034,-0.188,0.000
40776,0.939,-0.100,-0.203,0.000
40796,0.961,-0.083,-0.215,0.000
40816,1.042,0.010,-0.211,0.000
40837,1.085,0.057,-0.195,0.000
40857,1.088,0.047,-0.182,0.000
40877,1.080,0.026,-0.178,0.000
40897,1.078,0.016,-0.175,0.000
40918,1.045,-0.002,-0.171,0.000
40938,0.998,-0.019,-0.168,0.000
40958,0.989,-0.027,-0.165,0.000
40978,0.999,-0.027,-0.161,0.000
40999,1.031,0.002,-0.158,0.000
41019,1.035,0.001,-0.155,0.000
41039,1.012,-0.026,-0.152,0.000
41059,0.997,-0.039,-0.149,0.000
41080,0.986,-0.053,-0.156,0.000
41100,1.014,-0.021,-0.153,0.000
41120,1.073,0.044,-0.142,0.000
41140,1.077,0.055,-0.128,0.000
41161,1.016,-0.008,-0.126,0.000
41181,1.003,-0.024,-0.123,0.000
41201,1.021,-0.006,-0.121,0.000
41221,1.040,0.010,-0.118,0.000
41242,1.089,0.057,-0.105,0.000
41262,1.083,0.050,-0.093,0.000
41282,1.012,-0.026,-0.091,0.000
41302,0.949,-0.088,-0.106,0.000
41323,0.970,-0.059,-0.116,0.000
41343,1.049,0.020,-0.114,0.000
41363,1.102,0.061,-0.100,0.000
41383,1.077,0.035,-0.098,0.000
41404,1.000,-0.023,-0.096,0.000
41424,1.024,0.002,-0.094,0.000
41444,1.029,0.004,-0.092,0.000
41464,1.034,0.004,-0.090,0.000
41490,1.089,0.047,-0.077,0.000
41510,1.109,0.063,-0.063,0.000
41530,1.061,0.028,-0.062,0.000
41550,1.048,0.024,-0.060,0.000
41571,1.051,0.024,-0.059,0.000
41591,1.054,0.018,-0.058,0.000
41611,1.119,0.079,-0.042,0.000
41631,1.132,0.104,-0.021,0.000
41652,1.144,0.116,0.003,0.003
41672,1.187,0.157,0.033,0.033
41692,1.277,0.243,0.079,0.079
41712,1.411,0.365,0.148,0.148
41733,1.691,0.617,0.269,0.269
41753,1.797,0.690,0.396,0.396
41773,1.851,0.724,0.528,0.528
41793,1.937,0.825,0.676,0.676
41814,2.085,1.012,0.867,0.867
41834,1.861,0.827,1.008,1.008
41854,1.421,0.348,1.055,1.055
41874,1.526,0.410,1.113,1.113
41895,1.721,0.645,1.221,1.221
41915,1.556,0.519,1.296,1.296
41935,0.959,-0.071,1.257,1.257
41955,0.455,-0.749,1.087,1.087
41976,0.423,-1.361,0.791,0.791
41996,0.582,-1.510,0.485,0.485
42016,0.406,-1.276,0.230,0.230
42036,0.258,-0.951,0.042,0.042
42057,0.595,-0.867,-0.134,0.000
42077,0.398,-0.957,-0.315,0.000
42097,0.144,-0.951,-0.492,0.000
42117,0.572,-0.638,-0.604,0.000
42138,0.835,-0.245,-0.642,0.000
42158,1.120,0.120,-0.606,0.000
42178,1.503,0.469,-0.504,0.000
42198,1.448,0.360,-0.424,0.000
42219,0.916,-0.109,-0.438,0.000
42239,0.574,-0.485,-0.522,0.000
42259,0.548,-0.511,-0.610,0.000
42279,0.982,-0.050,-0.608,0.000
42300,1.397,0.383,-0.518,0.000
42320,1.619,0.597,-0.393,0.000
42340,1.447,0.402,-0.308,0.000
42360,1.035,-0.027,-0.302,0.000
42381,0.820,-0.278,-0.352,0.000
42401,0.761,-0.342,-0.410,0.000
42421,0.831,-0.203,-0.441,0.000
42441,1.053,0.039,-0.433,0.000
42462,1.105,0.086,-0.406,0.000
42482,1.012,-0.012,-0.398,0.000
42502,0.989,-0.045,-0.399,0.000
42522,1.009,-0.036,-0.391,0.000
42543,0.968,-0.074,-0.398,0.000
42563,0.954,-0.074,-0.405,0.000
42583,1.018,-0.015,-0.396,0.000
42603,1.033,-0.004,-0.389,0.000
42624,0.982,-0.059,-0.393,0.000
42644,0.935,-0.131,-0.410,0.000
42664,0.890,-0.175,-0.435,0.000
42684,0.870,-0.157,-0.457,0.000
42705,0.927,-0.090,-0.466,0.000
42725,0.913,-0.111,-0.478,0.000
42745,0.818,-0.209,-0.509,0.000
42765,0.791,-0.236,-0.544,0.000
42786,0.858,-0.162,-0.566,0.000
42806,0.883,-0.127,-0.579,0.000
42826,0.867,-0.146,-0.595,0.000
42846,0.850,-0.162,-0.615,0.000
42867,0.898,-0.116,-0.626,0.000
42887,0.954,-0.070,-0.627,0.000
42907,0.949,-0.074,-0.628,0.000
42927,0.936,-0.077,-0.631,0.000
42948,0.909,-0.099,-0.638,0.000
42968,0.944,-0.069,-0.639,0.000
42988,0.978,-0.062,-0.638,0.000
43008,0.911,-0.129,-0.650,0.000
43029,0.886,-0.136,-0.664,0.000
43049,0.935,-0.085,-0.667,0.000
43069,0.962,-0.094,-0.672,0.000
43089,0.982,-0.129,-0.683,0.000
43110,0.922,-0.171,-0.704,0.000
43130,0.885,-0.161,-0.721,0.000
43150,0.913,-0.126,-0.731,0.000
43170,0.951,-0.079,-0.731,0.000
43191,1.040,-0.027,-0.717,0.000
43211,1.022,-0.022,-0.702,0.000
43231,1.069,0.053,-0.678,0.000
43251,1.113,0.098,-0.646,0.000
43272,1.048,0.015,-0.633,0.000
43293,1.109,0.051,-0.610,0.000
43313,1.054,0.015,-0.598,0.000
43333,1.007,-0.024,-0.586,0.000
43354,1.073,0.055,-0.563,0.000
43374,1.150,0.138,-0.525,0.000
43394,1.116,0.098,-0.496,0.000
43414,1.072,0.046,-0.477,0.000
43435,1.092,0.060,-0.455,0.000
43455,1.106,0.073,-0.432,0.000
43475,1.068,0.022,-0.424,0.000
43495,1.026,-0.032,-0.415,0.000
43516,1.105,0.050,-0.397,0.000
43536,1.169,0.128,-0.364,0.000
43556,1.123,0.092,-0.339,0.000
43576,1.096,0.064,-0.320,0.000
43597,1.100,0.066,-0.301,0.000
43617,1.086,0.048,-0.285,0.000
43637,1.046,0.016,-0.280,0.000
43657,1.083,0.053,-0.264,0.000
43678,1.072,0.032,-0.258,0.000
43698,1.017,-0.037,-0.253,0.000
43718,0.946,-0.108,-0.269,0.000
43738,0.937,-0.100,-0.283,0.000
43759,1.025,-0.004,-0.277,0.000
43779,1.073,0.034,-0.272,0.000
43799,1.107,0.070,-0.253,0.000
43819,1.178,0.150,-0.219,0.000
43840,1.094,0.061,-0.202,0.000
43860,1.025,-0.008,-0.198,0.000
43880,0.975,-0.057,-0.205,0.000
43900,1.030,-0.007,-0.201,0.000
43921,1.124,0.091,-0.178,0.000
43941,1.150,0.116,-0.153,0.000
43961,1.120,0.082,-0.134,0.000
43981,1.017,-0.024,-0.131,0.000
44002,0.955,-0.074,-0.143,0.000
44022,1.024,-0.006,-0.141,0.000
44042,1.093,0.050,-0.128,0.000
44062,1.054,-0.002,-0.126,0.000
44083,0.981,-0.072,-0.138,0.000
44103,0.972,-0.065,-0.147,0.000
44123,0.975,-0.054,-0.155,0.000
44143,0.992,-0.033,-0.151,0.000
44164,0.992,-0.033,-0.148,0.000
44184,0.990,-0.048,-0.155,0.000
44204,0.949,-0.099,-0.170,0.000
44224,0.954,-0.089,-0.184,0.000
44245,1.009,-0.018,-0.180,0.000
44265,1.054,0.027,-0.177,0.000
44285,1.045,0.008,-0.173,0.000
44305,1.038,0.002,-0.170,0.000
44326,1.037,0.002,-0.166,0.000
44346,1.041,0.012,-0.163,0.000
44366,1.067,0.039,-0.160,0.000
44386,1.106,0.076,-0.142,0.000
44407,1.147,0.117,-0.115,0.000
44427,1.195,0.160,-0.082,0.000
44447,1.241,0.189,-0.044,0.000
44467,1.299,0.229,0.000,0.000
44488,1.439,0.364,0.074,0.074
44508,1.599,0.526,0.173,0.173
44528,1.687,0.630,0.291,0.291
44548,1.817,0.763,0.432,0.432
44569,2.010,0.976,0.620,0.620
44589,1.803,0.779,0.758,0.758
44609,1.442,0.385,0.817,0.817
44629,1.295,0.140,0.827,0.827
44650,0.992,-0.235,0.763,0.763
44670,0.642,-0.421,0.667,0.667
44690,1.218,-0.044,0.645,0.645
44710,1.407,0.284,0.687,0.687
44731,1.179,0.148,0.703,0.703
44751,0.758,-0.347,0.622,0.622
44771,0.319,-0.831,0.450,0.450
44791,0.365,-0.860,0.276,0.276
44812,0.699,-0.467,0.176,0.176
44832,0.863,-0.147,0.144,0.144
44852,0.640,-0.373,0.070,0.070
44872,0.182,-0.885,-0.102,0.000
44893,0.243,-1.201,-0.342,0.000
44913,0.147,-1.091,-0.545,0.000
44933,0.538,-0.514,-0.633,0.000
44953,1.146,0.050,-0.611,0.000
44974,1.432,0.328,-0.533,0.000
44994,1.222,0.189,-0.486,0.000
45014,1.015,0.009,-0.476,0.000
45034,1.051,0.004,-0.466,0.000
45055,1.180,0.137,-0.429,0.000
45075,1.280,0.265,-0.370,0.000
45095,1.261,0.259,-0.313,0.000
45115,1.134,0.115,-0.284,0.000
45136,0.985,-0.081,-0.295,0.000
45156,0.862,-0.232,-0.334,0.000
45176,0.826,-0.233,-0.372,0.000
45196,0.891,-0.131,-0.390,0.000
45217,1.027,0.008,-0.382,0.000
45237,1.079,0.070,-0.361,0.000
45257,1.025,0.017,-0.354,0.000
45278,0.923,-0.102,-0.367,0.000
45300,0.895,-0.119,-0.385,0.000
45320,0.893,-0.116,-0.399,0.000
45340,0.867,-0.142,-0.419,0.000
45360,0.797,-0.213,-0.451,0.000
45381,0.735,-0.277,-0.498,0.000
45401,0.734,-0.278,-0.542,0.000
45421,0.798,-0.217,-0.572,0.000
45441,0.948,-0.063,-0.573,0.000
45462,1.018,0.020,-0.562,0.000
45482,0.975,-0.022,-0.551,0.000
45502,0.911,-0.086,-0.556,0.000
45522,0.929,-0.067,-0.558,0.000
45543,0.907,-0.115,-0.570,0.000
45563,0.802,-0.237,-0.604,0.000
45583,0.762,-0.261,-0.642,0.000
45603,0.787,-0.220,-0.672,0.000
45624,0.899,-0.111,-0.680,0.000
45644,0.985,-0.027,-0.667,0.000
45664,1.000,-0.011,-0.654,0.000
45684,0.986,-0.045,-0.649,0.000
45705,0.959,-0.089,-0.654,0.000
45725,0.948,-0.078,-0.656,0.000
45745,1.001,-0.018,-0.643,0.000
45765,0.951,-0.058,-0.641,0.000
45786,1.116,0.098,-0.609,0.000
45806,1.261,0.242,-0.550,0.000
45826,1.210,0.195,-0.501,0.000
45846,1.110,0.085,-0.475,0.000
45867,0.984,-0.028,-0.466,0.000
45887,1.146,0.141,-0.429,0.000
45907,1.302,0.296,-0.364,0.000
45927,1.253,0.245,-0.309,0.000
45948,1.124,0.110,-0.281,0.000
45968,0.998,-0.022,-0.275,0.000
45988,0.995,-0.030,-0.270,0.000
46008,1.121,0.095,-0.246,0.000
46029,1.207,0.186,-0.204,0.000
46049,1.184,0.163,-0.168,0.000
46069,1.158,0.144,-0.137,0.000
46089,1.104,0.091,-0.117,0.000
46110,1.063,0.050,-0.105,0.000
46130,1.090,0.073,-0.089,0.000
46150,1.107,0.082,-0.071,0.000
46170,1.068,0.045,-0.061,0.000
46191,1.055,0.033,-0.060,0.000
46211,1.011,0.000,-0.058,0.000
46231,0.946,-0.067,-0.070,0.000
46251,0.935,-0.088,-0.086,0.000
46272,0.999,-0.025,-0.084,0.000
46292,1.018,-0.001,-0.082,0.000
46312,1.013,0.002,-0.081,0.000
46332,1.002,-0.011,-0.079,0.000
46353,0.999,-0.025,-0.077,0.000
46373,0.995,-0.026,-0.076,0.000
46394,1.012,-0.002,-0.074,0.000
46414,1.021,0.012,-0.073,0.000
46435,0.970,-0.039,-0.071,0.000
46455,0.958,-0.053,-0.080,0.000
46475,1.052,0.042,-0.070,0.000
46495,1.146,0.126,-0.045,0.000
46516,1.116,0.105,-0.023,0.000
46536,1.044,0.033,-0.022,0.000
46556,1.013,-0.001,-0.022,0.000
46576,1.008,-0.002,-0.021,0.000
46597,1.033,0.028,-0.021,0.000
46617,1.060,0.053,-0.010,0.000
46637,1.091,0.079,0.005,0.005
46657,1.044,0.030,0.005,0.005
46678,1.022,0.005,0.005,0.005
46698,1.071,0.051,0.015,0.015
46718,1.057,0.048,0.024,0.024
46738,0.991,-0.017,0.023,0.023
46759,0.976,-0.033,0.023,0.023
46779,0.989,-0.021,0.022,0.022
46799,1.008,-0.008,0.022,0.022
46819,1.040,0.023,0.021,0.021
46840,1.009,-0.004,0.021,0.021
46860,0.996,-0.012,0.020,0.020
46880,1.029,0.022,0.020,0.020
46900,0.995,-0.014,0.020,0.020
46921,0.935,-0.076,0.004,0.004
46941,0.964,-0.047,-0.005,0.000
46961,1.018,0.007,-0.005,0.000
46981,1.097,0.082,0.011,0.011
47002,1.092,0.085,0.028,0.028
47022,1.050,0.045,0.036,0.036
47042,1.030,0.024,0.035,0.035
47062,1.051,0.047,0.044,0.044
47083,1.087,0.087,0.060,0.060
47103,1.155,0.154,0.089,0.089
47123,1.247,0.239,0.133,0.133
47143,1.305,0.289,0.186,0.186
47164,1.336,0.308,0.244,0.244
47184,1.438,0.402,0.316,0.316
47204,1.670,0.637,0.433,0.433
47224,1.829,0.826,0.583,0.583
47245,2.074,1.074,0.788,0.788
47265,1.698,0.692,0.905,0.905
47285,1.015,-0.068,0.874,0.874
47305,0.418,-0.622,0.737,0.737
47326,0.676,-0.350,0.651,0.651
47346,1.240,0.213,0.679,0.679
47366,1.384,0.341,0.731,0.731
47386,1.050,0.024,0.717,0.717
47407,0.404,-0.598,0.582,0.582
47427,0.444,-1.290,0.322,0.322
47448,0.706,-1.144,0.085,0.085
47468,0.931,-0.148,0.054,0.054
47489,1.344,0.346,0.123,0.123
47509,1.078,0.073,0.135,0.135
47529,0.532,-0.484,0.039,0.039
47549,0.436,-0.745,-0.105,0.000
47570,0.583,-0.464,-0.197,0.000
47590,0.950,-0.060,-0.204,0.000
47610,1.135,0.065,-0.188,0.000
47630,1.193,0.031,-0.184,0.000
47651,1.080,-0.134,-0.207,0.000
47671,0.880,-0.182,-0.238,0.000
47691,0.918,-0.083,-0.249,0.000
47711,1.060,0.004,-0.244,0.000
47732,1.112,0.083,-0.223,0.000
47752,1.062,0.063,-0.206,0.000
47772,0.986,-0.015,-0.202,0.000
47792,0.952,-0.088,-0.215,0.000
47813,0.966,-0.101,-0.231,0.000
47833,0.965,-0.092,-0.244,0.000
47853,0.933,-0.081,-0.255,0.000
47873,0.929,-0.067,-0.263,0.000
47894,1.054,0.057,-0.246,0.000
47914,1.154,0.150,-0.212,0.000
47934,1.183,0.163,-0.177,0.000
47954,1.112,0.090,-0.156,0.000
47975,0.994,-0.014,-0.153,0.000
47995,0.923,-0.079,-0.165,0.000
48015,0.905,-0.097,-0.180,0.000
48035,0.904,-0.100,-0.195,0.000
48056,0.950,-0.053,-0.202,0.000
48076,0.969,-0.034,-0.198,0.000
48096,0.925,-0.074,-0.208,0.000
48116,0.897,-0.100,-0.224,0.000
48137,0.878,-0.118,-0.243,0.000
48157,0.884,-0.114,-0.260,0.000
48177,0.941,-0.058,-0.266,0.000
48197,0.980,-0.019,-0.261,0.000
48218,0.955,-0.045,-0.265,0.000
48238,0.847,-0.154,-0.289,0.000
48258,0.746,-0.252,-0.332,0.000
48278,0.755,-0.244,-0.372,0.000
48299,0.919,-0.083,-0.381,0.000
48319,1.066,0.071,-0.360,0.000
48339,1.132,0.135,-0.326,0.000
48359,0.932,-0.064,-0.332,0.000
48380,0.728,-0.271,-0.380,0.000
48400,0.674,-0.323,-0.435,0.000
48420,0.832,-0.164,-0.458,0.000
48440,1.033,0.023,-0.449,0.000
48461,1.213,0.191,-0.401,0.000
48481,1.232,0.206,-0.354,0.000
48501,1.092,0.076,-0.332,0.000
48521,1.076,0.063,-0.313,0.000
48542,1.180,0.166,-0.273,0.000
48562,1.167,0.169,-0.235,0.000
48582,1.090,0.080,-0.215,0.000
48602,0.963,-0.051,-0.221,0.000
48623,1.055,0.049,-0.206,0.000
48644,1.164,0.128,-0.176,0.000
48664,1.168,0.126,-0.149,0.000
48684,1.046,0.038,-0.146,0.000
48705,1.050,0.047,-0.133,0.000
48725,1.131,0.132,-0.105,0.000
48746,1.138,0.131,-0.077,0.000
48766,1.135,0.129,-0.050,0.000
48787,1.088,0.089,-0.031,0.000
48807,1.115,0.117,-0.008,0.000
48827,1.199,0.201,0.031,0.031
48847,1.210,0.164,0.062,0.062
48868,1.060,-0.013,0.060,0.060
48888,0.910,-0.127,0.035,0.035
48908,0.897,-0.144,0.006,0.006
48928,0.927,-0.076,-0.008,0.000
48949,1.072,0.035,-0.008,0.000
48969,1.098,0.068,0.005,0.005
48989,0.990,-0.011,0.005,0.005
49009,1.049,0.050,0.014,0.014
49030,1.183,0.179,0.050,0.050
49050,1.177,0.166,0.081,0.081
49070,1.080,0.075,0.094,0.094
49090,0.994,-0.005,0.092,0.092
49111,1.001,-0.016,0.090,0.090
49131,1.032,0.011,0.088,0.088
49151,1.096,0.085,0.103,0.103
49171,1.136,0.125,0.125,0.125
49192,1.045,0.041,0.131,0.131
49212,0.960,-0.061,0.117,0.117
49232,0.924,-0.092,0.096,0.096
49252,0.993,-0.009,0.095,0.095
49273,0.996,-0.002,0.093,0.093
49294,1.006,-0.000,0.091,0.091
49314,1.075,0.068,0.102,0.102
49334,1.083,0.082,0.116,0.116
49355,0.982,-0.019,0.113,0.113
49375,0.942,-0.064,0.099,0.099
49396,0.950,-0.059,0.085,0.085
49416,0.984,-0.027,0.083,0.083
49437,1.009,-0.001,0.081,0.081
49457,1.011,0.000,0.080,0.080
49477,0.968,-0.035,0.078,0.078
49497,0.971,-0.034,0.077,0.077
49518,1.078,0.066,0.089,0.089
49538,1.165,0.152,0.116,0.116
49558,1.159,0.152,0.143,0.143
49578,1.184,0.180,0.175,0.175
49599,1.216,0.209,0.213,0.213
49619,1.363,0.350,0.276,0.276
49639,1.572,0.561,0.379,0.379
49659,1.672,0.659,0.498,0.498
49680,1.678,0.661,0.621,0.621
49700,1.622,0.602,0.725,0.725
49720,1.580,0.558,0.818,0.818
49740,1.549,0.534,0.904,0.904
49761,1.919,0.910,1.070,1.070
49781,2.060,1.023,1.245,1.245
49801,2.023,0.993,1.411,1.411
49821,2.070,1.059,1.586,1.586
49842,1.130,0.106,1.576,1.576
49862,0.954,-0.086,1.528,1.528
49882,1.297,0.235,1.543,1.543
49902,1.341,0.267,1.563,1.563
49923,0.791,-0.505,1.430,1.430
49943,0.660,-1.536,1.106,1.106
49963,0.948,-1.930,0.713,0.713
49983,0.579,-1.481,0.414,0.414
50004,0.323,-1.099,0.184,0.184
50024,0.427,-1.057,-0.023,0.000
50044,0.383,-1.149,-0.244,0.000
50064,0.145,-1.055,-0.442,0.000
50085,0.489,-0.629,-0.560,0.000
50105,1.093,-0.007,-0.549,0.000
50125,1.251,0.245,-0.491,0.000
50145,1.267,0.225,-0.437,0.000
50166,1.764,0.521,-0.324,0.000
50186,2.382,0.499,-0.221,0.000
50206,1.186,-0.285,-0.271,0.000
50226,0.287,-0.890,-0.437,0.000
50256,0.453,-0.576,-0.595,0.000
50276,1.337,0.276,-0.530,0.000
50298,1.841,0.745,-0.361,0.000
50319,1.701,0.569,-0.239,0.000
50339,1.098,-0.034,-0.234,0.000
50359,0.766,-0.345,-0.296,0.000
50379,0.806,-0.281,-0.344,0.000
50400,0.827,-0.213,-0.380,0.000
50420,0.889,-0.137,-0.399,0.000
50440,0.946,-0.084,-0.407,0.000
50460,1.001,-0.044,-0.408,0.000
50481,1.053,-0.045,-0.408,0.000
50501,1.145,0.033,-0.400,0.000
50521,1.163,0.039,-0.392,0.000
50541,0.976,-0.113,-0.406,0.000
50562,0.783,-0.263,-0.451,0.000
50582,0.775,-0.272,-0.494,0.000
50602,0.830,-0.226,-0.528,0.000
50622,0.777,-0.268,-0.569,0.000
50643,0.704,-0.330,-0.624,0.000
50663,0.709,-0.316,-0.672,0.000
50683,0.796,-0.236,-0.704,0.000
50703,0.804,-0.233,-0.735,0.000
50724,0.801,-0.224,-0.766,0.000
50744,0.750,-0.258,-0.800,0.000
50764,0.684,-0.318,-0.845,0.000
50784,0.649,-0.379,-0.901,0.000
50805,0.660,-0.397,-0.963,0.000
50825,0.835,-0.175,-0.977,0.000
50845,1.053,0.042,-0.950,0.000
50865,1.080,0.057,-0.920,0.000
50886,1.001,-0.031,-0.901,0.000
50906,0.838,-0.196,-0.921,0.000
50926,0.779,-0.261,-0.953,0.000
50947,0.915,-0.225,-0.979,0.000
50968,1.023,-0.146,-0.989,0.000
50988,1.077,-0.025,-0.969,0.000
51008,1.113,0.094,-0.932,0.000
51028,1.131,0.134,-0.887,0.000
51049,1.389,0.370,-0.795,0.000
51069,1.456,0.393,-0.703,0.000
51089,1.370,0.295,-0.633,0.000
51109,1.071,0.055,-0.609,0.000
51130,1.022,0.014,-0.597,0.000
51150,1.135,0.117,-0.563,0.000
51170,1.181,0.120,-0.528,0.000
51190,1.160,0.143,-0.490,0.000
51211,1.221,0.224,-0.435,0.000
51231,1.235,0.240,-0.380,0.000
51251,1.168,0.160,-0.342,0.000
51271,1.108,0.070,-0.322,0.000
51292,1.102,0.096,-0.296,0.000
51312,1.052,0.055,-0.279,0.000
51332,0.987,-0.018,-0.274,0.000
51352,0.957,-0.070,-0.282,0.000
51373,0.993,-0.022,-0.276,0.000
51393,1.035,0.036,-0.271,0.000
51413,1.109,0.113,-0.243,0.000
51433,1.153,0.156,-0.209,0.000
51454,1.083,0.084,-0.187,0.000
51474,1.028,0.003,-0.184,0.000
51494,1.047,0.032,-0.180,0.000
51514,1.141,0.143,-0.149,0.000
51535,1.152,0.154,-0.115,0.000
51555,1.139,0.139,-0.086,0.000
51575,1.151,0.150,-0.055,0.000
51595,1.169,0.161,-0.023,0.000
51616,1.169,0.168,0.011,0.011
51636,1.205,0.209,0.051,0.051
51656,1.096,0.098,0.069,0.069
51676,1.013,0.013,0.068,0.068
51697,1.076,0.079,0.082,0.082
51717,1.136,0.138,0.107,0.107
51737,1.113,0.105,0.125,0.125
51757,0.993,-0.017,0.123,0.123
51778,0.880,-0.124,0.095,0.095
51798,0.891,-0.107,0.073,0.073
51818,0.987,-0.009,0.071,0.071
51838,1.062,0.065,0.082,0.082
51859,0.976,-0.023,0.081,0.081
51879,0.999,-0.012,0.079,0.079
51899,1.064,0.053,0.088,0.088
51919,1.058,0.061,0.098,0.098
51940,1.066,0.066,0.109,0.109
51960,1.005,0.007,0.107,0.107
51980,0.920,-0.078,0.090,0.090
52000,0.992,-0.005,0.088,0.088
52021,1.124,0.126,0.112,0.112
52041,1.110,0.111,0.131,0.131
52061,1.039,0.038,0.128,0.128
52081,1.042,0.041,0.134,0.134
52102,1.068,0.071,0.145,0.145
52122,1.039,0.042,0.150,0.150
52142,1.074,0.076,0.162,0.162
52162,1.150,0.149,0.187,0.187
52183,1.178,0.177,0.219,0.219
52203,1.209,0.209,0.255,0.255
52223,1.211,0.213,0.291,0.291
52243,1.305,0.303,0.343,0.343
52264,1.506,0.505,0.438,0.438
52284,1.542,0.541,0.534,0.534
52304,1.546,0.537,0.626,0.626
52324,1.679,0.663,0.741,0.741
52345,1.742,0.737,0.875,0.875
52365,1.662,0.651,0.983,0.983
52385,1.683,0.670,1.092,1.092
52405,1.727,0.717,1.208,1.208
52426,1.772,0.773,1.340,1.340
52446,1.778,0.771,1.461,1.461
52466,1.469,0.462,1.521,1.521
52486,0.978,-0.115,1.468,1.468
52507,0.845,-0.690,1.300,1.300
52527,0.532,-0.502,1.177,1.177
52547,0.707,-0.345,1.087,1.087
52567,0.806,-0.346,0.999,0.999
52588,0.094,-0.923,0.793,0.793
52608,0.564,-1.469,0.494,0.494
52628,0.617,-1.555,0.186,0.186
52648,0.316,-0.926,0.004,0.004
52669,0.756,-0.260,-0.049,0.000
52689,0.762,-0.239,-0.094,0.000
52709,0.437,-0.571,-0.202,0.000
52729,0.470,-0.539,-0.301,0.000
52750,0.921,-0.094,-0.314,0.000
52770,1.361,0.326,-0.245,0.000
52790,1.355,0.306,-0.182,0.000
52810,1.087,0.031,-0.178,0.000
52831,0.992,-0.050,-0.184,0.000
52851,1.053,0.030,-0.181,0.000
52871,1.060,0.050,-0.168,0.000
52891,1.062,0.057,-0.153,0.000
52912,1.069,0.062,-0.138,0.000
52932,1.039,0.028,-0.135,0.000
52952,0.953,-0.066,-0.145,0.000
52972,0.922,-0.119,-0.165,0.000
52993,0.943,-0.112,-0.184,0.000
53013,1.014,-0.025,-0.181,0.000
53033,1.066,0.049,-0.168,0.000
53053,1.031,0.026,-0.164,0.000
53074,0.999,-0.009,-0.161,0.000
53094,1.010,0.003,-0.158,0.000
53114,1.032,0.025,-0.155,0.000
53134,0.984,-0.025,-0.151,0.000
53155,0.889,-0.125,-0.174,0.000
53175,0.872,-0.145,-0.198,0.000
53195,0.809,-0.217,-0.236,0.000
53215,0.788,-0.223,-0.274,0.000
53236,0.942,-0.061,-0.281,0.000
53256,0.957,-0.044,-0.284,0.000
53276,0.769,-0.226,-0.321,0.000
53296,0.554,-0.460,-0.403,0.000
53317,0.569,-0.490,-0.494,0.000
53337,0.819,-0.220,-0.527,0.000
53357,1.096,0.084,-0.500,0.000
53377,1.037,0.038,-0.490,0.000
53398,0.755,-0.246,-0.530,0.000
53418,0.628,-0.403,-0.597,0.000
53438,0.790,-0.305,-0.643,0.000
53458,1.014,-0.056,-0.641,0.000
53479,1.083,0.077,-0.613,0.000
53499,1.092,0.096,-0.582,0.000
53519,1.058,0.055,-0.560,0.000
53539,1.059,0.017,-0.549,0.000
53560,0.907,-0.178,-0.574,0.000
53580,1.018,-0.041,-0.570,0.000
53600,1.173,0.177,-0.525,0.000
53620,1.287,0.291,-0.458,0.000
53641,1.309,0.299,-0.389,0.000
53661,1.227,0.195,-0.343,0.000
53681,1.005,-0.021,-0.337,0.000
53701,1.011,0.001,-0.330,0.000
53722,1.189,0.178,-0.287,0.000
53743,1.188,0.192,-0.243,0.000
53763,1.127,0.128,-0.213,0.000
53783,1.065,0.063,-0.197,0.000
53804,0.986,-0.019,-0.193,0.000
53824,0.941,-0.057,-0.200,0.000
53844,0.981,-0.017,-0.196,0.000
53864,1.043,0.046,-0.183,0.000
53885,1.078,0.083,-0.163,0.000
53905,1.130,0.135,-0.134,0.000
53925,1.145,0.149,-0.102,0.000
53945,1.065,0.067,-0.087,0.000
53966,1.189,0.190,-0.047,0.000
53986,1.199,0.203,-0.007,0.000
54006,1.075,0.079,0.008,0.008
54026,0.978,-0.021,0.008,0.008
54047,0.940,-0.063,-0.005,0.000
54067,0.976,-0.027,-0.005,0.000
54087,1.074,0.073,0.009,0.009
54107,1.151,0.155,0.039,0.039
54128,1.123,0.127,0.064,0.064
54148,1.059,0.058,0.074,0.074
54168,1.033,0.029,0.072,0.072
54188,1.033,0.033,0.071,0.071
54209,0.987,-0.009,0.069,0.069
54229,0.931,-0.064,0.056,0.056
54249,1.018,0.023,0.054,0.054
54269,1.128,0.128,0.078,0.078
54290,1.171,0.167,0.110,0.110
54310,1.162,0.157,0.138,0.138
54330,1.111,0.109,0.156,0.156
54350,1.016,0.018,0.153,0.153
54371,0.935,-0.060,0.138,0.138
54391,1.023,0.028,0.135,0.135
54411,1.133,0.137,0.159,0.159
54431,1.135,0.133,0.182,0.182
54452,1.068,0.055,0.189,0.189
54472,1.026,-0.000,0.185,0.185
54492,1.047,0.043,0.190,0.190
54512,1.061,0.065,0.198,0.198
54533,1.060,0.060,0.207,0.207
54553,1.059,0.058,0.214,0.214
54573,1.035,0.029,0.209,0.209
54593,1.013,0.001,0.205,0.205
54614,0.956,-0.050,0.191,0.191
54634,1.009,0.006,0.187,0.187
54654,1.039,0.034,0.183,0.183
54674,0.998,-0.005,0.180,0.180
54695,0.985,-0.022,0.176,0.176
54715,1.024,0.012,0.173,0.173
54735,1.016,0.011,0.169,0.169
54755,1.009,0.007,0.166,0.166
54776,1.037,0.037,0.083,0.083
54797,1.005,0.003,0.000,0.000
54817,0.977,-0.027,0.000,0.000
54837,1.002,-0.001,0.000,0.000
54858,1.094,0.091,0.018,0.018
54878,1.147,0.149,0.047,0.047
54898,1.148,0.150,0.074,0.074
54918,1.238,0.236,0.118,0.118
54939,1.345,0.344,0.185,0.185
54959,1.349,0.349,0.249,0.249
54979,1.417,0.415,0.324,0.324
54999,1.672,0.672,0.446,0.446
55020,1.675,0.674,0.573,0.573
55040,1.522,0.515,0.661,0.661
55060,1.416,0.408,0.726,0.726
55080,1.439,0.436,0.795,0.795
55101,1.496,0.497,0.880,0.880
55121,1.513,0.511,0.961,0.961
55141,1.534,0.528,1.043,1.043
55161,1.482,0.468,1.112,1.112
55182,1.489,0.469,1.184,1.184
55202,1.497,0.494,1.256,1.256
55222,1.270,0.262,1.281,1.281
55242,1.090,0.076,1.270,1.270
55263,1.160,0.161,1.277,1.277
55283,0.950,-0.074,1.237,1.237
55303,0.780,-0.303,1.154,1.154
55323,0.496,-0.666,1.003,1.003
55345,0.584,-0.521,0.873,0.873
55365,0.424,-0.630,0.734,0.734
55385,0.278,-1.072,0.513,0.513
55405,0.451,-1.345,0.244,0.244
55426,0.436,-1.354,-0.034,0.000
55447,0.293,-1.135,-0.262,0.000
55467,0.381,-0.737,-0.399,0.000
55487,0.657,-0.370,-0.462,0.000
55508,1.056,0.035,-0.453,0.000
55528,1.519,0.419,-0.363,0.000
55548,1.387,0.299,-0.298,0.000
55568,0.989,-0.036,-0.293,0.000
55589,0.859,-0.163,-0.320,0.000
55609,0.978,-0.045,-0.322,0.000
55629,1.272,0.156,-0.285,0.000
55649,1.380,0.208,-0.240,0.000
55670,1.140,-0.004,-0.235,0.000
55690,0.850,-0.219,-0.272,0.000
55710,0.788,-0.253,-0.315,0.000
55730,0.880,-0.149,-0.338,0.000
55751,1.023,-0.008,-0.331,0.000
55771,1.067,0.020,-0.324,0.000
55791,1.094,0.036,-0.318,0.000
55811,1.073,0.026,-0.312,0.000
55832,0.984,-0.048,-0.315,0.000
55852,0.878,-0.148,-0.337,0.000
55872,0.803,-0.232,-0.375,0.000
55892,0.787,-0.269,-0.419,0.000
55913,0.780,-0.291,-0.470,0.000
55933,0.760,-0.265,-0.511,0.000
55953,0.822,-0.180,-0.536,0.000
55973,0.837,-0.167,-0.557,0.000
55994,0.777,-0.237,-0.594,0.000
56014,0.766,-0.243,-0.629,0.000
56034,0.770,-0.235,-0.661,0.000
56054,0.731,-0.274,-0.701,0.000
56075,0.714,-0.292,-0.746,0.000
56095,0.745,-0.257,-0.780,0.000
56115,0.821,-0.178,-0.799,0.000
56135,0.957,-0.041,-0.791,0.000
56156,1.108,0.075,-0.760,0.000
56176,1.142,0.055,-0.734,0.000
56196,1.068,0.030,-0.719,0.000
56216,1.059,0.039,-0.705,0.000
56237,1.035,0.026,-0.691,0.000
56257,1.006,-0.025,-0.677,0.000
56277,1.066,-0.071,-0.677,0.000
56298,1.094,-0.036,-0.664,0.000
56319,1.015,-0.021,-0.650,0.000
56339,0.904,-0.104,-0.657,0.000
56359,1.025,0.003,-0.644,0.000
56379,1.095,0.070,-0.618,0.000
56400,1.114,0.098,-0.586,0.000
56420,1.146,0.140,-0.547,0.000
56440,1.153,0.154,-0.507,0.000
56460,1.195,0.194,-0.459,0.000
56481,1.205,0.189,-0.412,0.000
56501,1.070,0.036,-0.404,0.000
56521,0.969,-0.052,-0.405,0.000
56541,1.092,0.085,-0.381,0.000
56562,1.229,0.229,-0.327,0.000
56582,1.133,0.133,-0.295,0.000
56602,1.057,0.057,-0.278,0.000
56622,1.080,0.074,-0.258,0.000
56643,1.062,0.050,-0.243,0.000
56663,1.074,0.064,-0.226,0.000
56683,1.116,0.106,-0.201,0.000
56703,1.106,0.097,-0.178,0.000
56724,1.090,0.078,-0.159,0.000
56744,1.080,0.060,-0.144,0.000
56764,1.100,0.081,-0.126,0.000
56784,1.085,0.080,-0.108,0.000
56805,1.068,0.066,-0.092,0.000
56825,1.093,0.089,-0.073,0.000
56845,1.130,0.122,-0.048,0.000
56865,1.133,0.123,-0.024,0.000
56886,1.092,0.075,-0.008,0.000
56906,0.966,-0.053,-0.018,0.000
56926,0.999,-0.014,-0.018,0.000
56947,1.112,0.109,0.004,0.004
56968,1.124,0.120,0.029,0.029
56988,1.073,0.065,0.040,0.040
57008,1.119,0.097,0.058,0.058
57028,1.155,0.131,0.082,0.082
57049,1.074,0.061,0.093,0.093
57069,1.015,0.002,0.091,0.091
57089,0.996,-0.011,0.089,0.089
57109,1.034,0.031,0.087,0.087
57130,1.061,0.055,0.097,0.097
57150,1.038,0.022,0.095,0.095
57170,0.991,-0.029,0.093,0.093
57190,1.036,0.024,0.091,0.091
57211,1.025,0.024,0.089,0.089
57231,0.987,-0.017,0.087,0.087
57251,1.025,0.009,0.086,0.086
57271,1.025,0.001,0.084,0.084
57292,0.969,-0.045,0.073,0.073
57312,0.984,-0.021,0.072,0.072
57332,1.014,0.013,0.070,0.070
57352,1.074,0.074,0.083,0.083
57373,1.155,0.153,0.113,0.113
57394,1.275,0.264,0.164,0.164
57414,1.394,0.379,0.233,0.233
57434,1.525,0.505,0.326,0.326
57455,1.667,0.645,0.449,0.449
57475,1.805,0.784,0.591,0.591
57495,1.920,0.893,0.751,0.751
57515,2.090,1.066,0.941,0.941
57536,2.132,1.107,1.145,1.145
57556,2.089,1.056,1.326,1.326
57576,1.994,0.958,1.483,1.483
57597,1.818,0.789,1.613,1.613
57618,1.260,0.215,1.624,1.624
57638,0.603,-0.739,1.450,1.450
57658,0.540,-1.287,1.173,1.173
57678,0.670,-0.350,1.082,1.082
57699,1.513,0.508,1.163,1.163
57719,1.384,0.365,1.210,1.210
57739,0.652,-0.442,1.101,1.101
57759,0.280,-1.228,0.843,0.843
57780,0.730,-1.723,0.478,0.478
57800,0.343,-1.227,0.233,0.233
57820,0.334,-0.809,0.072,0.072
57840,0.331,-0.682,-0.060,0.000
57861,0.555,-0.590,-0.178,0.000
57881,0.818,-0.340,-0.240,0.000
57901,1.006,-0.034,-0.235,0.000
57921,1.083,0.085,-0.214,0.000
57942,1.131,0.114,-0.187,0.000
57962,1.089,0.043,-0.175,0.000
57982,0.990,-0.062,-0.183,0.000
58002,0.929,-0.087,-0.196,0.000
58023,0.878,-0.131,-0.219,0.000
58044,0.939,-0.089,-0.232,0.000
58064,1.123,0.068,-0.215,0.000
58084,1.280,0.239,-0.164,0.000
58105,1.338,0.327,-0.095,0.000
58125,1.145,0.136,-0.067,0.000
58145,0.896,-0.129,-0.091,0.000
58165,0.825,-0.245,-0.136,0.000
58186,0.912,-0.178,-0.169,0.000
58206,0.993,-0.041,-0.174,0.000
58226,1.020,0.016,-0.170,0.000
58247,1.002,-0.008,-0.167,0.000
58268,0.973,-0.064,-0.177,0.000
58288,0.870,-0.188,-0.209,0.000
58308,0.765,-0.291,-0.261,0.000
58328,0.715,-0.306,-0.315,0.000
58349,0.742,-0.256,-0.360,0.000
58369,0.784,-0.219,-0.395,0.000
58389,0.864,-0.141,-0.414,0.000
58409,0.894,-0.107,-0.426,0.000
58430,0.808,-0.193,-0.457,0.000
58450,0.694,-0.310,-0.507,0.000
58470,0.628,-0.386,-0.571,0.000
58490,0.726,-0.270,-0.612,0.000
58511,0.997,-0.000,-0.600,0.000
58531,1.073,0.069,-0.574,0.000
58551,0.995,-0.048,-0.572,0.000
58571,0.796,-0.244,-0.607,0.000
58592,0.749,-0.279,-0.651,0.000
58612,0.959,-0.070,-0.652,0.000
58632,1.089,0.087,-0.622,0.000
58652,1.100,0.052,-0.600,0.000
58673,0.982,-0.067,-0.601,0.000
58693,0.916,-0.109,-0.610,0.000
58713,0.863,-0.151,-0.627,0.000
58733,1.137,0.123,-0.591,0.000
58754,1.303,0.282,-0.522,0.000
58774,1.191,0.174,-0.478,0.000
58794,1.097,0.072,-0.455,0.000
58814,1.107,0.074,-0.431,0.000
58835,1.208,0.177,-0.387,0.000
58855,1.275,0.253,-0.331,0.000
58875,1.236,0.216,-0.282,0.000
58895,1.167,0.149,-0.248,0.000
58916,1.071,0.058,-0.231,0.000
58936,1.054,0.050,-0.217,0.000
58956,1.100,0.093,-0.195,0.000
58976,1.101,0.090,-0.174,0.000
58997,1.086,0.076,-0.155,0.000
59017,1.047,0.032,-0.152,0.000
59037,1.065,0.037,-0.149,0.000
59057,1.143,0.128,-0.121,0.000
59078,1.251,0.251,-0.068,0.000
59098,1.183,0.182,-0.032,0.000
59118,0.966,-0.046,-0.040,0.000
59138,0.909,-0.115,-0.061,0.000
59159,1.039,0.012,-0.060,0.000
59179,1.100,0.086,-0.042,0.000
59199,1.108,0.097,-0.023,0.000
59219,1.113,0.099,-0.003,0.000
59240,1.125,0.103,0.017,0.017
59260,1.196,0.170,0.050,0.050
59280,1.250,0.227,0.092,0.092
59300,1.201,0.188,0.127,0.127
59321,1.117,0.107,0.146,0.146
59341,1.100,0.087,0.160,0.160
59361,1.088,0.069,0.170,0.170
59381,1.036,0.005,0.166,0.166
59402,0.959,-0.065,0.150,0.150
59422,0.903,-0.112,0.125,0.125
59442,0.943,-0.065,0.110,0.110
59462,0.990,-0.023,0.108,0.108
59483,0.987,-0.027,0.106,0.106
59503,0.971,-0.037,0.104,0.104
59523,0.983,-0.025,0.102,0.102
59543,1.010,-0.000,0.100,0.100
59564,1.015,0.005,0.098,0.098
59584,0.991,-0.014,0.096,0.096
59604,1.013,0.006,0.094,0.094
59624,1.088,0.079,0.107,0.107
59645,1.209,0.198,0.145,0.145
59665,1.345,0.337,0.207,0.207
59685,1.383,0.375,0.275,0.275
59705,1.333,0.319,0.331,0.331
59726,1.328,0.294,0.383,0.383
59747,1.377,0.322,0.441,0.441
59767,1.521,0.489,0.526,0.526
59787,1.720,0.715,0.653,0.653
59808,1.803,0.803,0.802,0.802
59828,1.814,0.806,0.941,0.941
59848,1.758,0.753,1.067,1.067
59868,1.596,0.516,1.145,1.145
59889,1.265,0.061,1.134,1.134
59909,1.007,-0.107,1.091,1.091
59929,1.255,0.240,1.115,1.115
59949,1.555,0.540,1.197,1.197
59970,1.165,0.116,1.196,1.196
59990,0.410,-0.659,1.046,1.046
60010,0.290,-1.231,0.788,0.788
60030,0.372,-1.221,0.538,0.538
60051,0.433,-0.697,0.386,0.386
60071,0.743,-0.283,0.324,0.324
60091,0.642,-0.378,0.245,0.245
60111,0.241,-0.767,0.093,0.093
60132,0.165,-0.855,-0.082,0.000
60152,0.537,-0.539,-0.184,0.000
60172,0.874,-0.217,-0.222,0.000
60192,0.808,-0.212,-0.258,0.000
60213,0.794,-0.219,-0.297,0.000
60233,1.038,-0.015,-0.291,0.000
60261,1.044,0.006,-0.286,0.000
60281,0.882,-0.141,-0.307,0.000
60302,0.862,-0.168,-0.335,0.000
60322,0.933,-0.091,-0.346,0.000
60342,1.117,0.107,-0.318,0.000
60362,1.306,0.300,-0.254,0.000
60383,1.218,0.216,-0.206,0.000
60403,1.011,-0.013,-0.201,0.000
60423,0.888,-0.157,-0.228,0.000
60443,0.868,-0.186,-0.259,0.000
60464,0.846,-0.185,-0.291,0.000
60484,0.858,-0.151,-0.314,0.000
60504,0.953,-0.053,-0.318,0.000
60524,1.032,0.028,-0.312,0.000
60545,0.947,-0.053,-0.316,0.000
60565,0.804,-0.212,-0.351,0.000
60585,0.705,-0.317,-0.404,0.000
60605,0.735,-0.264,-0.447,0.000
60626,0.873,-0.134,-0.465,0.000
60647,0.858,-0.146,-0.485,0.000
60667,0.813,-0.191,-0.512,0.000
60687,0.775,-0.248,-0.550,0.000
60708,0.793,-0.204,-0.580,0.000
60728,0.909,-0.110,-0.589,0.000
60748,0.940,-0.067,-0.590,0.000
60768,0.928,-0.075,-0.593,0.000
60789,0.968,-0.041,-0.589,0.000
60809,1.025,0.024,-0.578,0.000
60829,1.043,0.040,-0.566,0.000
60849,1.033,0.026,-0.555,0.000
60870,1.064,0.054,-0.533,0.000
60890,1.152,0.140,-0.495,0.000
60910,1.066,0.055,-0.475,0.000
60930,0.980,-0.032,-0.465,0.000
60951,0.990,-0.014,-0.456,0.000
60971,1.030,0.028,-0.447,0.000
60991,0.990,-0.017,-0.438,0.000
61011,1.020,0.010,-0.429,0.000
61032,1.118,0.114,-0.397,0.000
61052,1.185,0.185,-0.354,0.000
61072,1.167,0.167,-0.315,0.000
61092,1.078,0.075,-0.294,0.000
61113,0.948,-0.055,-0.299,0.000
61133,0.906,-0.100,-0.312,0.000
61153,0.859,-0.152,-0.335,0.000
61173,0.857,-0.153,-0.358,0.000
61194,1.014,0.011,-0.351,0.000
61214,1.178,0.174,-0.310,0.000
61234,1.268,0.260,-0.254,0.000
61254,1.266,0.254,-0.200,0.000
61275,1.067,0.060,-0.184,0.000
61295,0.992,-0.007,-0.180,0.000
61315,0.980,-0.021,-0.177,0.000
61335,1.014,0.004,-0.173,0.000
61356,1.060,0.043,-0.161,0.000
61376,1.130,0.108,-0.137,0.000
61396,1.217,0.208,-0.094,0.000
61416,1.126,0.123,-0.069,0.000
61437,0.985,-0.018,-0.067,0.000
61457,1.045,0.041,-0.058,0.000
61477,1.129,0.127,-0.033,0.000
61497,1.139,0.132,-0.007,0.000
61518,1.053,0.033,-0.006,0.000
61543,0.975,-0.046,-0.017,0.000
61563,0.981,-0.032,-0.017,0.000
61583,1.023,0.018,-0.017,0.000
61604,1.027,0.028,-0.016,0.000
61624,1.148,0.145,0.012,0.012
61644,1.243,0.234,0.057,0.057
61664,1.161,0.148,0.084,0.084
61685,1.026,0.018,0.082,0.082
61705,1.001,-0.004,0.081,0.081
61725,1.003,0.001,0.079,0.079
61745,0.997,-0.006,0.077,0.077
61766,1.029,0.027,0.076,0.076
61786,1.105,0.101,0.094,0.094
61806,1.111,0.100,0.111,0.111
61826,1.021,-0.000,0.109,0.109
61847,0.979,-0.042,0.098,0.098
61867,1.031,0.023,0.096,0.096
61887,1.081,0.083,0.110,0.110
61907,1.050,0.052,0.118,0.118
61928,0.981,-0.026,0.116,0.116
61948,0.947,-0.076,0.099,0.099
61968,0.982,-0.037,0.097,0.097
61988,1.030,0.027,0.095,0.095
62009,1.101,0.102,0.114,0.114
62029,1.136,0.136,0.137,0.137
62049,1.194,0.187,0.171,0.171
62069,1.303,0.282,0.221,0.221
62090,1.394,0.370,0.292,0.292
62110,1.434,0.423,0.367,0.367
62130,1.465,0.451,0.447,0.447
62150,1.544,0.520,0.538,0.538
62171,1.557,0.536,0.635,0.635
62191,1.490,0.484,0.715,0.715
62211,1.535,0.536,0.804,0.804
62231,1.718,0.713,0.925,0.925
62252,1.935,0.917,1.092,1.092
62272,2.039,1.017,1.265,1.265
62292,1.841,0.827,1.399,1.399
62312,1.523,0.520,1.471,1.471
62333,0.915,-0.125,1.416,1.416
62353,0.620,-0.540,1.284,1.284
62373,0.634,-0.365,1.188,1.188
62393,1.232,0.184,1.200,1.200
62414,1.273,0.187,1.214,1.214
62434,0.733,-0.315,1.129,1.129
62454,0.317,-1.051,0.904,0.904
62474,0.558,-1.374,0.622,0.622
62495,0.390,-1.081,0.391,0.391
62515,0.478,-0.923,0.206,0.206
62535,0.343,-0.905,0.028,0.028
62555,0.288,-0.786,-0.124,0.000
62576,0.380,-0.722,-0.267,0.000
62596,0.505,-0.545,-0.366,0.000
62616,0.790,-0.240,-0.405,0.000
62636,0.966,-0.044,-0.406,0.000
62657,1.204,0.162,-0.365,0.000
62677,1.404,0.382,-0.284,0.000
62697,1.489,0.488,-0.184,0.000
62717,1.232,0.223,-0.138,0.000
62738,0.815,-0.212,-0.178,0.000
62758,0.736,-0.356,-0.243,0.000
62778,0.853,-0.226,-0.281,0.000
62798,1.043,0.015,-0.276,0.000
62819,1.139,0.132,-0.244,0.000
62839,1.096,0.091,-0.221,0.000
62859,0.966,-0.042,-0.225,0.000
62879,0.950,-0.064,-0.233,0.000
62900,1.043,0.015,-0.228,0.000
62920,1.101,0.061,-0.212,0.000
62940,1.047,0.006,-0.207,0.000
62960,0.979,-0.046,-0.212,0.000
62981,0.952,-0.055,-0.219,0.000
63001,0.990,-0.013,-0.215,0.000
63021,1.041,0.038,-0.210,0.000
63041,1.037,0.025,-0.206,0.000
63062,0.903,-0.148,-0.232,0.000
63082,0.847,-0.209,-0.267,0.000
63102,0.916,-0.105,-0.282,0.000
63122,1.052,0.043,-0.268,0.000
63143,1.088,0.068,-0.249,0.000
63163,1.046,0.019,-0.244,0.000
63183,1.002,-0.003,-0.239,0.000
63203,1.042,0.045,-0.226,0.000
63224,1.123,0.125,-0.196,0.000
63245,1.216,0.216,-0.148,0.000
63265,1.244,0.233,-0.101,0.000
63285,1.166,0.131,-0.074,0.000
63306,1.035,0.012,-0.072,0.000
63326,0.973,-0.034,-0.071,0.000
63346,0.956,-0.047,-0.078,0.000
63366,0.943,-0.063,-0.089,0.000
63387,0.979,-0.026,-0.087,0.000
63407,1.069,0.065,-0.073,0.000
63427,1.059,0.055,-0.061,0.000
63447,0.964,-0.041,-0.067,0.000
63468,0.914,-0.092,-0.085,0.000
63488,0.946,-0.067,-0.096,0.000
63508,0.973,-0.042,-0.102,0.000
63528,0.954,-0.055,-0.110,0.000
63549,0.914,-0.085,-0.125,0.000
63569,0.921,-0.076,-0.138,0.000
63589,1.025,0.027,-0.135,0.000
63609,1.101,0.093,-0.114,0.000
63630,1.088,0.080,-0.096,0.000
63650,1.066,0.060,-0.082,0.000
63670,1.026,0.021,-0.081,0.000
63690,0.868,-0.129,-0.104,0.000
63711,0.841,-0.158,-0.134,0.000
63731,0.957,-0.051,-0.141,0.000
63751,1.047,0.032,-0.138,0.000
63771,1.045,0.042,-0.127,0.000
63792,0.926,-0.077,-0.140,0.000
63812,0.872,-0.157,-0.168,0.000
63832,0.893,-0.123,-0.188,0.000
63852,0.953,-0.046,-0.193,0.000
63873,1.016,0.010,-0.189,0.000
63893,1.023,-0.002,-0.185,0.000
63913,0.976,-0.027,-0.181,0.000
63933,0.975,-0.029,-0.178,0.000
63954,0.954,-0.055,-0.185,0.000
63974,0.957,-0.051,-0.192,0.000
63994,0.922,-0.099,-0.207,0.000
64014,0.975,-0.046,-0.211,0.000
64035,1.084,0.050,-0.197,0.000
64055,1.104,0.073,-0.179,0.000
64075,1.095,0.075,-0.161,0.000
64095,1.056,0.039,-0.158,0.000
64116,1.019,0.006,-0.155,0.000
64136,1.013,-0.003,-0.152,0.000
64156,1.121,0.109,-0.128,0.000
64176,1.048,0.032,-0.125,0.000
64197,1.058,0.048,-0.113,0.000
64217,1.081,0.075,-0.096,0.000
64237,1.026,0.018,-0.094,0.000
64257,0.958,-0.059,-0.104,0.000
64278,1.029,0.009,-0.102,0.000
64298,1.241,0.207,-0.060,0.000
64318,1.303,0.283,-0.004,0.000
64338,1.273,0.262,0.046,0.046
64359,1.110,0.092,0.064,0.064
64379,0.959,-0.068,0.050,0.050
64399,0.949,-0.085,0.032,0.032
64419,1.065,0.026,0.032,0.032
64440,1.200,0.179,0.067,0.067
64460,1.125,0.115,0.088,0.088
64480,1.007,-0.007,0.086,0.086
64500,0.966,-0.052,0.074,0.074
64521,0.991,-0.023,0.073,0.073
64541,0.990,-0.029,0.071,0.071
64561,0.969,-0.053,0.060,0.060
64581,0.925,-0.085,0.042,0.042
64602,0.932,-0.076,0.026,0.026
64622,0.950,-0.057,0.015,0.015
64642,0.972,-0.035,0.014,0.014
64662,0.959,-0.049,0.005,0.005
64683,0.952,-0.062,-0.008,0.000
64703,1.006,-0.021,-0.008,0.000
64723,1.031,0.003,-0.008,0.000
64743,1.008,-0.012,-0.008,0.000
64764,0.998,-0.027,-0.007,0.000
64784,0.983,-0.047,-0.016,0.000
64804,0.983,-0.040,-0.016,0.000
64824,0.999,-0.025,-0.016,0.000
64845,0.991,-0.047,0.000,0.000
64865,1.026,-0.020,0.000,0.000
64885,1.088,0.057,0.011,0.011
64905,1.061,0.051,0.021,0.021
64926,1.007,0.003,0.020,0.020
64946,0.951,-0.055,0.009,0.009
64966,0.935,-0.090,-0.009,0.000
64986,1.002,-0.041,-0.016,0.000
65007,1.062,0.019,-0.016,0.000
65027,1.077,0.058,-0.005,0.000
65048,1.027,0.015,-0.004,0.000
65068,1.011,-0.010,-0.004,0.000
65089,0.969,-0.085,-0.021,0.000
65109,0.937,-0.124,-0.045,0.000
65129,0.963,-0.107,-0.064,0.000
65149,1.004,-0.065,-0.076,0.000
65170,1.030,-0.033,-0.074,0.000
65190,0.997,-0.048,-0.082,0.000
65210,0.941,-0.089,-0.097,0.000
65230,0.874,-0.180,-0.130,0.000
65251,0.986,-0.123,-0.152,0.000
65271,1.164,0.022,-0.149,0.000
65291,1.326,0.217,-0.105,0.000
65311,1.378,0.314,-0.042,0.000
65332,1.298,0.245,0.008,0.008
65352,1.138,0.067,0.021,0.021
65372,1.018,-0.086,0.004,0.004
65392,0.994,-0.174,-0.030,0.000
65413,1.054,-0.120,-0.053,0.000
65433,1.068,-0.059,-0.064,0.000
65453,1.094,-0.022,-0.062,0.000
65473,1.151,0.067,-0.048,0.000
65494,1.156,0.079,-0.031,0.000
65514,1.118,0.001,-0.031,0.000
65534,1.014,-0.131,-0.055,0.000
65554,0.932,-0.207,-0.094,0.000
65575,0.905,-0.223,-0.137,0.000
65595,0.951,-0.171,-0.167,0.000
65615,1.020,-0.070,-0.177,0.000
65635,1.045,-0.041,-0.182,0.000
65656,0.996,-0.095,-0.197,0.000
65676,0.937,-0.162,-0.224,0.000
65696,0.903,-0.208,-0.260,0.000
65716,0.918,-0.193,-0.292,0.000
65737,0.946,-0.145,-0.315,0.000
65757,0.976,-0.122,-0.332,0.000
65777,0.988,-0.132,-0.351,0.000
65797,1.010,-0.122,-0.367,0.000
65818,1.048,-0.072,-0.375,0.000
65838,1.072,-0.052,-0.377,0.000
65858,1.046,-0.072,-0.384,0.000
65878,1.002,-0.129,-0.401,0.000
65899,0.987,-0.159,-0.425,0.000
65919,1.001,-0.147,-0.445,0.000
65939,1.023,-0.121,-0.459,0.000
65959,1.021,-0.117,-0.472,0.000
65980,1.027,-0.107,-0.484,0.000
66000,1.029,-0.094,-0.493,0.000
66020,1.027,-0.097,-0.501,0.000
66040,1.009,-0.108,-0.512,0.000
66061,1.006,-0.106,-0.256,0.000
66081,1.014,-0.064,-0.128,0.000
66101,1.021,-0.034,-0.064,0.000
66121,1.024,-0.010,0.000,0.000
66142,1.021,-0.005,0.000,0.000
66162,1.027,0.006,0.000,0.000
66182,1.030,0.012,0.000,0.000
66202,1.033,0.016,0.000,0.000
66223,1.035,0.021,0.000,0.000
66243,1.029,0.019,0.000,0.000
66263,1.019,0.010,0.000,0.000
66283,0.998,-0.005,0.000,0.000
66304,0.994,-0.003,0.000,0.000
66324,0.995,-0.001,0.000,0.000
66344,0.995,0.002,0.000,0.000
66364,1.002,0.013,0.000,0.000
66385,1.024,0.037,0.000,0.000
66405,1.036,0.047,0.000,0.000
66425,1.042,0.049,0.000,0.000
66445,1.049,0.051,0.000,0.000
66466,1.055,0.049,0.010,0.010
66486,1.059,0.049,0.019,0.019
66506,1.063,0.051,0.029,0.029
66526,1.066,0.060,0.040,0.040
66547,1.073,0.069,0.053,0.053
66567,1.064,0.058,0.063,0.063
66587,1.037,0.031,0.062,0.062
66607,1.036,0.030,0.060,0.060
66628,1.047,0.041,0.067,0.067
66648,1.070,0.065,0.078,0.078
66668,1.085,0.080,0.092,0.092
66688,1.069,0.065,0.103,0.103
66709,1.039,0.033,0.101,0.101
66729,1.035,0.026,0.099,0.099
66749,1.021,0.015,0.097,0.097
66769,0.986,-0.018,0.095,0.095
66790,0.956,-0.047,0.084,0.084
66810,0.975,-0.029,0.082,0.082
66830,1.010,0.007,0.080,0.080
66850,1.029,0.026,0.079,0.079
66871,1.043,0.039,0.077,0.077
66891,1.037,0.033,0.076,0.076
66911,1.026,0.023,0.000,0.000
66931,1.029,0.023,0.000,0.000
66952,1.022,0.014,0.000,0.000
66972,1.003,-0.006,0.000,0.000
66992,0.988,-0.021,0.000,0.000
67012,0.975,-0.034,0.000,0.000
67033,0.965,-0.040,0.000,0.000
67053,0.987,-0.013,0.000,0.000
67073,1.031,0.032,0.000,0.000
67093,1.041,0.038,0.000,0.000
67114,1.025,0.019,0.000,0.000
67134,0.983,-0.024,0.000,0.000
67154,0.992,-0.015,0.000,0.000
67174,1.066,0.060,0.011,0.011
67195,1.085,0.078,0.027,0.027
67215,1.066,0.060,0.038,0.038
67235,1.032,0.028,0.037,0.037
67255,0.974,-0.030,0.037,0.037
67276,0.982,-0.025,0.036,0.036
67297,0.993,-0.015,0.035,0.035
67317,1.000,-0.008,0.034,0.034
67337,1.002,-0.003,0.034,0.034
67358,1.015,0.008,0.033,0.033
67378,1.041,0.034,0.032,0.032
67398,1.024,0.017,0.032,0.032
67418,1.016,0.007,0.031,0.031
67439,1.054,0.043,0.039,0.039
67459,1.083,0.072,0.052,0.052
67479,1.093,0.081,0.067,0.067
67499,1.066,0.055,0.076,0.076
67520,1.011,0.002,0.075,0.075
67540,0.969,-0.040,0.073,0.073
67560,0.973,-0.041,0.064,0.064
67580,1.015,-0.002,0.062,0.062
67601,1.049,0.034,0.061,0.061
67621,1.035,0.021,0.060,0.060
67641,1.013,-0.004,0.059,0.059
67661,1.028,0.004,0.058,0.058
67682,1.010,-0.011,0.056,0.056
67702,0.990,-0.026,0.055,0.055
67722,0.978,-0.037,0.000,0.000
67742,1.000,-0.013,0.000,0.000
67763,1.037,0.023,0.000,0.000
67783,1.037,0.022,0.000,0.000
67803,1.020,0.005,0.000,0.000
67823,1.000,-0.011,0.000,0.000
67844,0.982,-0.025,0.000,0.000
67864,0.995,-0.008,0.000,0.000
67884,0.994,-0.008,0.000,0.000
67904,0.996,-0.006,0.000,0.000
67925,1.044,0.040,0.000,0.000
67945,1.061,0.054,0.010,0.010
67965,1.050,0.044,0.019,0.019
67985,1.038,0.033,0.018,0.018
68006,1.047,0.042,0.026,0.026
68026,1.049,0.043,0.034,0.034
68046,1.006,0.001,0.033,0.033
68066,1.000,-0.007,0.033,0.033
68087,1.015,0.009,0.032,0.032
68107,1.003,-0.001,0.031,0.031
68127,0.986,-0.018,0.031,0.031
68147,0.976,-0.029,0.030,0.030
68168,0.982,-0.024,0.000,0.000
68188,1.025,0.021,0.000,0.000
68208,1.050,0.045,0.000,0.000
68228,1.037,0.029,0.000,0.000
68249,0.998,-0.012,0.000,0.000
68269,0.980,-0.029,0.000,0.000
68289,0.985,-0.022,0.000,0.000
68309,0.990,-0.014,0.000,0.000
68330,0.998,-0.005,0.000,0.000
68350,1.019,0.017,0.000,0.000
68370,1.020,0.017,0.000,0.000
68390,1.007,0.003,0.000,0.000
68411,0.984,-0.021,0.000,0.000
68431,0.979,-0.025,0.000,0.000
68451,0.993,-0.007,0.000,0.000
68471,1.013,0.013,0.000,0.000
68492,1.021,0.018,0.000,0.000
68512,1.028,0.024,0.000,0.000
68532,1.027,0.021,0.000,0.000
68552,1.013,0.005,0.000,0.000
68573,1.004,-0.004,0.000,0.000
68593,1.020,0.013,0.000,0.000
68613,1.034,0.023,0.000,0.000
68633,1.029,0.014,0.000,0.000
68654,1.074,0.061,0.012,0.012
68674,1.099,0.085,0.029,0.029
68694,1.056,0.042,0.036,0.036
68714,1.011,-0.005,0.035,0.035
68735,1.003,-0.014,0.035,0.035
68755,1.012,-0.007,0.034,0.034
68775,1.003,-0.014,0.033,0.033
68795,1.008,-0.006,0.033,0.033
68816,1.011,-0.004,0.032,0.032
68836,1.004,-0.012,0.031,0.031
68856,1.001,-0.015,0.031,0.031
68876,0.998,-0.017,0.030,0.030
68897,1.013,-0.002,0.029,0.029
68917,1.031,0.017,0.000,0.000
68937,1.022,0.005,0.000,0.000
68957,1.002,-0.016,0.000,0.000
68978,0.999,-0.017,0.000,0.000
68998,1.021,0.006,0.000,0.000
69018,1.043,0.029,0.000,0.000
69038,1.050,0.033,0.000,0.000
69059,1.042,0.021,0.000,0.000
69079,1.035,0.012,0.000,0.000
69099,1.019,-0.005,0.000,0.000
69119,1.031,0.009,0.000,0.000
69140,1.053,0.031,0.000,0.000
69160,1.050,0.028,0.000,0.000
69180,1.037,0.015,0.000,0.000
69200,1.023,0.001,0.000,0.000
69221,1.011,-0.011,0.000,0.000
69241,1.005,-0.018,0.000,0.000
69261,1.010,-0.012,0.000,0.000
69281,1.024,0.002,0.000,0.000
69302,1.017,-0.007,0.000,0.000
69322,1.013,-0.010,0.000,0.000
69342,1.030,0.008,0.000,0.000
69362,1.060,0.038,0.000,0.000
69383,1.040,0.017,0.000,0.000
69403,1.005,-0.017,0.000,0.000
69423,0.979,-0.043,-0.008,0.000
69443,0.988,-0.034,-0.008,0.000
69464,1.002,-0.020,-0.008,0.000
69484,1.006,-0.017,-0.008,0.000
69504,1.002,-0.020,-0.008,0.000
69524,1.008,-0.014,-0.008,0.000
69545,1.019,-0.003,-0.007,0.000
69565,1.022,-0.000,-0.007,0.000
69585,1.002,-0.021,0.000,0.000
69605,0.981,-0.040,0.000,0.000
69626,0.977,-0.041,0.000,0.000
69646,0.996,-0.018,0.000,0.000
69666,1.017,0.005,0.000,0.000
69686,1.005,-0.006,0.000,0.000
69707,0.975,-0.036,0.000,0.000
69727,0.962,-0.047,0.000,0.000
69747,0.996,-0.009,0.000,0.000
69767,1.048,0.045,0.000,0.000
69788,1.055,0.049,0.010,0.010
69808,1.040,0.035,0.010,0.010
69828,1.016,0.010,0.009,0.009
69848,0.998,-0.008,0.009,0.009
69869,1.007,0.000,0.009,0.009
69889,1.026,0.019,0.009,0.009
69909,1.048,0.041,0.017,0.017
69929,1.060,0.055,0.027,0.027
69950,1.067,0.061,0.039,0.039
69970,1.057,0.051,0.048,0.048
69990,1.041,0.034,0.047,0.047
70010,1.027,0.019,0.046,0.046
70031,1.021,0.012,0.045,0.045
70051,1.036,0.028,0.044,0.044
70071,1.053,0.045,0.052,0.052
70091,1.038,0.030,0.051,0.051
70112,1.002,-0.008,0.050,0.050
70132,1.003,-0.007,0.049,0.049
70152,1.021,0.013,0.048,0.048
70172,1.024,0.016,0.047,0.047
70193,1.028,0.019,0.046,0.046
70213,1.023,0.015,0.045,0.045
70233,1.017,0.009,0.044,0.044
70261,1.015,0.006,0.043,0.043
70282,1.012,0.004,0.042,0.042
70302,1.023,0.015,0.000,0.000
70322,1.040,0.030,0.000,0.000
70342,1.039,0.026,0.000,0.000
70363,1.023,0.009,0.000,0.000
70383,1.009,-0.006,0.000,0.000
70403,1.006,-0.009,0.000,0.000
70423,1.012,-0.002,0.000,0.000
70444,1.011,-0.002,0.000,0.000
70464,1.012,-0.000,0.000,0.000
70484,1.011,-0.001,0.000,0.000
70504,1.007,-0.005,0.000,0.000
70525,1.009,-0.003,0.000,0.000
70545,1.016,0.005,0.000,0.000
70565,1.032,0.021,0.000,0.000
70585,1.044,0.030,0.000,0.000
70606,1.040,0.023,0.000,0.000
70626,1.021,0.002,0.000,0.000
70646,1.017,-0.003,0.000,0.000
70666,1.018,-0.001,0.000,0.000
70687,1.019,0.001,0.000,0.000
70707,1.030,0.011,0.000,0.000
70727,1.025,0.005,0.000,0.000
70747,1.002,-0.019,0.000,0.000
70768,0.989,-0.030,0.000,0.000
70788,1.008,-0.008,0.000,0.000
70808,1.034,0.020,0.000,0.000
70828,1.042,0.025,0.000,0.000
70849,1.028,0.008,0.000,0.000
70869,1.005,-0.015,0.000,0.000
70889,1.007,-0.012,0.000,0.000
70909,1.031,0.013,0.000,0.000
70930,1.037,0.017,0.000,0.000
70950,1.019,-0.002,0.000,0.000
70970,1.002,-0.018,0.000,0.000
70990,1.002,-0.016,0.000,0.000
71011,1.031,0.014,0.000,0.000
71031,1.026,0.007,0.000,0.000
71051,1.010,-0.009,0.000,0.000
71071,1.006,-0.012,0.000,0.000
71092,1.016,-0.001,0.000,0.000
71112,1.021,0.004,0.000,0.000
71132,1.014,-0.003,0.000,0.000
71152,1.009,-0.008,0.000,0.000
71173,1.009,-0.007,0.000,0.000
71193,1.017,0.001,0.000,0.000
71213,1.034,0.018,0.000,0.000
71233,1.039,0.022,0.000,0.000
71254,1.030,0.011,0.000,0.000
71274,1.032,0.012,0.000,0.000
71294,1.061,0.039,0.000,0.000
71314,1.079,0.058,0.011,0.011
71335,1.054,0.032,0.011,0.011
71355,1.015,-0.007,0.011,0.011
71375,1.022,-0.001,0.010,0.010
71395,1.030,0.007,0.010,0.010
71416,1.015,-0.009,0.010,0.010
71436,0.998,-0.029,0.010,0.010
71456,0.998,-0.025,0.010,0.010
71476,1.021,-0.001,0.009,0.009
71497,1.033,0.009,0.009,0.009
71517,1.032,0.007,0.009,0.009
71537,1.016,-0.008,0.009,0.009
71562,1.009,-0.014,0.000,0.000
71583,1.035,0.014,0.000,0.000
71603,1.042,0.020,0.000,0.000
71623,1.005,-0.019,0.000,0.000
71643,0.964,-0.058,0.000,0.000
71664,0.961,-0.055,0.000,0.000
71684,0.987,-0.024,0.000,0.000
71704,1.019,0.010,0.000,0.000
71724,1.031,0.022,0.000,0.000
71745,1.027,0.016,0.000,0.000
71765,1.028,0.014,0.000,0.000
71785,1.019,0.005,0.000,0.000
71805,0.998,-0.017,0.000,0.000
71826,0.988,-0.025,0.000,0.000
71846,0.989,-0.022,0.000,0.000
71866,1.010,0.000,0.000,0.000
71886,1.029,0.020,0.000,0.000
71907,1.049,0.038,0.000,0.000
71927,1.044,0.030,0.000,0.000
71947,1.023,0.005,0.000,0.000
71967,0.986,-0.032,0.000,0.000
71988,0.980,-0.035,0.000,0.000
72008,0.997,-0.014,0.000,0.000
72028,1.012,0.002,0.000,0.000
72048,1.027,0.017,0.000,0.000
72069,1.070,0.058,0.012,0.012
72089,1.066,0.054,0.022,0.022
72109,1.033,0.021,0.021,0.021
72129,1.001,-0.011,0.021,0.021
72150,0.993,-0.019,0.020,0.020
72170,1.005,-0.007,0.020,0.020
72190,1.025,0.013,0.020,0.020
72210,1.031,0.019,0.019,0.019
72231,1.030,0.018,0.019,0.019
72251,1.029,0.017,0.019,0.019
72271,1.028,0.016,0.018,0.018
72291,1.016,0.005,0.018,0.018
72312,1.001,-0.011,0.000,0.000
72332,0.992,-0.018,0.000,0.000
72352,0.997,-0.012,0.000,0.000
72372,1.005,-0.003,0.000,0.000
72393,1.017,0.009,0.000,0.000
72413,1.018,0.009,0.000,0.000
72433,1.020,0.011,0.000,0.000
72453,1.014,0.004,0.000,0.000
72474,1.013,0.002,0.000,0.000
72494,1.013,0.002,0.000,0.000
72514,1.005,-0.007,0.000,0.000
72534,1.005,-0.006,0.000,0.000
72555,1.020,0.010,0.000,0.000
72575,1.019,0.008,0.000,0.000
72595,0.998,-0.013,0.000,0.000
72615,0.995,-0.015,0.000,0.000
72636,1.016,0.007,0.000,0.000
72656,1.042,0.033,0.000,0.000
72676,1.051,0.039,0.000,0.000
72696,1.036,0.023,0.000,0.000
72717,1.009,-0.004,0.000,0.000
72737,0.980,-0.033,0.000,0.000
72757,0.972,-0.040,-0.008,0.000
72777,1.001,-0.012,-0.008,0.000
72798,1.034,0.020,-0.007,0.000
72818,1.025,0.012,-0.007,0.000
72838,1.017,0.003,-0.007,0.000
72858,1.009,-0.005,-0.007,0.000
72879,1.003,-0.010,-0.007,0.000
72899,0.987,-0.026,0.000,0.000
72919,1.015,0.004,0.000,0.000
72939,1.040,0.029,0.000,0.000
72960,1.019,0.005,0.000,0.000
72980,0.987,-0.028,0.000,0.000
73000,1.014,0.003,0.000,0.000
73020,1.106,0.094,0.018,0.018
73041,1.051,0.035,0.018,0.018
73061,0.968,-0.047,0.008,0.008
73081,0.891,-0.122,-0.015,0.000
73101,0.859,-0.153,-0.044,0.000
73122,0.875,-0.151,-0.074,0.000
73142,0.927,-0.107,-0.093,0.000
73162,0.894,-0.121,-0.115,0.000
73182,1.037,0.022,-0.112,0.000
73203,1.058,0.036,-0.110,0.000
73223,0.938,-0.091,-0.125,0.000
73243,0.938,-0.106,-0.143,0.000
73263,0.870,-0.186,-0.176,0.000
73284,0.835,-0.231,-0.219,0.000
73304,0.852,-0.197,-0.253,0.000
73324,0.893,-0.134,-0.273,0.000
73344,0.934,-0.088,-0.285,0.000
73365,0.865,-0.162,-0.312,0.000
73385,0.833,-0.224,-0.349,0.000
73405,0.940,-0.174,-0.375,0.000
73425,1.032,-0.134,-0.393,0.000
73446,1.172,-0.060,-0.398,0.000
73466,1.209,0.010,-0.390,0.000
73486,1.151,-0.036,-0.382,0.000
73506,1.089,-0.089,-0.391,0.000
73527,0.909,-0.216,-0.427,0.000
73547,0.831,-0.281,-0.473,0.000
73567,0.816,-0.307,-0.522,0.000
73587,0.858,-0.279,-0.565,0.000
73608,1.006,-0.153,-0.585,0.000
73628,1.146,-0.031,-0.573,0.000
73648,1.230,0.022,-0.562,0.000
73668,1.346,0.123,-0.527,0.000
73689,1.289,0.094,-0.497,0.000
73709,1.077,-0.085,-0.504,0.000
BLE disconnected -> IDLE MODE
